mode: set
github.com/xiaofengguo/web-doc/api/internal/config/config.go:24.30,29.16 5 1
github.com/xiaofengguo/web-doc/api/internal/config/config.go:29.16,31.3 1 0
github.com/xiaofengguo/web-doc/api/internal/config/config.go:33.2,44.8 1 1
github.com/xiaofengguo/web-doc/api/internal/config/config.go:48.62,49.47 1 1
github.com/xiaofengguo/web-doc/api/internal/config/config.go:49.47,52.3 2 1
github.com/xiaofengguo/web-doc/api/internal/config/config.go:54.2,55.26 2 1
github.com/xiaofengguo/web-doc/api/internal/config/config.go:55.26,57.3 1 1
github.com/xiaofengguo/web-doc/api/internal/config/config.go:59.2,61.22 3 1
github.com/xiaofengguo/web-doc/api/internal/config/config.go:64.32,74.2 8 1
github.com/xiaofengguo/web-doc/api/internal/config/config.go:76.44,78.126 2 1
github.com/xiaofengguo/web-doc/api/internal/config/config.go:78.126,80.3 1 1
github.com/xiaofengguo/web-doc/api/internal/config/config.go:81.2,81.17 1 0
github.com/xiaofengguo/web-doc/api/internal/config/config.go:84.44,85.52 1 1
github.com/xiaofengguo/web-doc/api/internal/config/config.go:86.20,87.20 1 0
github.com/xiaofengguo/web-doc/api/internal/config/config.go:88.28,89.52 1 1
github.com/xiaofengguo/web-doc/api/internal/config/config.go:90.10,91.18 1 0
github.com/xiaofengguo/web-doc/api/internal/config/config.go:95.56,97.15 2 1
github.com/xiaofengguo/web-doc/api/internal/config/config.go:97.15,99.3 1 1
github.com/xiaofengguo/web-doc/api/internal/config/config.go:100.2,101.16 2 1
github.com/xiaofengguo/web-doc/api/internal/config/config.go:101.16,103.3 1 0
github.com/xiaofengguo/web-doc/api/internal/config/config.go:104.2,104.32 1 1
github.com/xiaofengguo/web-doc/api/internal/config/config.go:104.32,106.3 1 1
github.com/xiaofengguo/web-doc/api/internal/config/config.go:107.2,107.47 1 1
github.com/xiaofengguo/web-doc/api/internal/config/config.go:107.47,109.3 1 1
github.com/xiaofengguo/web-doc/api/internal/config/config.go:110.2,110.58 1 1
github.com/xiaofengguo/web-doc/api/internal/config/config.go:110.58,112.3 1 1
github.com/xiaofengguo/web-doc/api/internal/config/config.go:113.2,115.24 3 1
github.com/xiaofengguo/web-doc/api/internal/config/config.go:118.35,119.32 1 1
github.com/xiaofengguo/web-doc/api/internal/config/config.go:119.32,121.3 1 1
github.com/xiaofengguo/web-doc/api/internal/config/config.go:122.2,122.12 1 1
github.com/xiaofengguo/web-doc/api/cmd/server/main.go:20.13,22.16 2 0
github.com/xiaofengguo/web-doc/api/cmd/server/main.go:22.16,24.3 1 0
github.com/xiaofengguo/web-doc/api/cmd/server/main.go:25.2,28.23 4 0
github.com/xiaofengguo/web-doc/api/cmd/server/main.go:28.23,30.3 1 0
github.com/xiaofengguo/web-doc/api/cmd/server/main.go:31.2,31.28 1 0
github.com/xiaofengguo/web-doc/api/cmd/server/main.go:31.28,33.3 1 0
github.com/xiaofengguo/web-doc/api/cmd/server/main.go:35.2,36.16 2 0
github.com/xiaofengguo/web-doc/api/cmd/server/main.go:36.16,38.3 1 0
github.com/xiaofengguo/web-doc/api/cmd/server/main.go:39.2,40.16 2 0
github.com/xiaofengguo/web-doc/api/cmd/server/main.go:40.16,42.3 1 0
github.com/xiaofengguo/web-doc/api/cmd/server/main.go:43.2,44.16 2 0
github.com/xiaofengguo/web-doc/api/cmd/server/main.go:44.16,46.3 1 0
github.com/xiaofengguo/web-doc/api/cmd/server/main.go:48.2,71.14 13 0
github.com/xiaofengguo/web-doc/api/cmd/server/main.go:71.14,73.3 1 0
github.com/xiaofengguo/web-doc/api/cmd/server/main.go:73.8,75.3 1 0
github.com/xiaofengguo/web-doc/api/cmd/server/main.go:76.2,79.43 2 0
github.com/xiaofengguo/web-doc/api/cmd/server/main.go:79.43,79.76 1 0
github.com/xiaofengguo/web-doc/api/cmd/server/main.go:82.2,140.23 35 0
github.com/xiaofengguo/web-doc/api/cmd/server/main.go:140.23,142.3 1 0
github.com/xiaofengguo/web-doc/api/cmd/server/main.go:142.8,144.3 1 0
github.com/xiaofengguo/web-doc/api/cmd/server/main.go:146.2,146.42 1 0
github.com/xiaofengguo/web-doc/api/cmd/server/main.go:146.42,148.3 1 0
github.com/xiaofengguo/web-doc/api/cmd/server/main.go:152.38,153.13 1 0
github.com/xiaofengguo/web-doc/api/cmd/server/main.go:153.13,155.3 1 0
github.com/xiaofengguo/web-doc/api/cmd/server/main.go:156.2,158.26 3 0
github.com/xiaofengguo/web-doc/api/cmd/server/main.go:158.26,160.14 2 0
github.com/xiaofengguo/web-doc/api/cmd/server/main.go:160.14,162.4 1 0
github.com/xiaofengguo/web-doc/api/cmd/server/main.go:164.2,164.12 1 0
github.com/xiaofengguo/web-doc/api/cmd/server/main.go:167.37,168.35 1 0
github.com/xiaofengguo/web-doc/api/cmd/server/main.go:168.35,169.45 1 0
github.com/xiaofengguo/web-doc/api/cmd/server/main.go:169.45,172.4 2 0
github.com/xiaofengguo/web-doc/api/cmd/server/main.go:173.3,173.41 1 0
github.com/xiaofengguo/web-doc/api/cmd/server/main.go:179.53,180.44 1 0
github.com/xiaofengguo/web-doc/api/cmd/server/main.go:180.44,183.3 2 0
github.com/xiaofengguo/web-doc/api/cmd/server/main.go:184.2,189.35 3 0
github.com/xiaofengguo/web-doc/api/cmd/server/main.go:189.35,190.45 1 0
github.com/xiaofengguo/web-doc/api/cmd/server/main.go:190.45,193.4 2 0
github.com/xiaofengguo/web-doc/api/cmd/server/main.go:195.3,196.39 2 0
github.com/xiaofengguo/web-doc/api/cmd/server/main.go:196.39,197.33 1 0
github.com/xiaofengguo/web-doc/api/cmd/server/main.go:197.33,200.5 2 0
github.com/xiaofengguo/web-doc/api/cmd/server/main.go:203.3,203.80 1 0
github.com/xiaofengguo/web-doc/api/cmd/server/main.go:203.80,206.4 2 0
github.com/xiaofengguo/web-doc/api/cmd/server/main.go:209.3,210.18 2 0
github.com/xiaofengguo/web-doc/api/cmd/server/main.go:210.18,213.4 2 0
github.com/xiaofengguo/web-doc/api/cmd/server/main.go:214.3,218.43 4 0
github.com/xiaofengguo/web-doc/api/cmd/server/main.go:218.43,221.4 2 0
github.com/xiaofengguo/web-doc/api/cmd/server/main.go:222.3,222.62 1 0
github.com/xiaofengguo/web-doc/api/cmd/server/main.go:222.62,225.4 2 0
github.com/xiaofengguo/web-doc/api/cmd/server/main.go:226.3,226.20 1 0
github.com/xiaofengguo/web-doc/api/internal/ai/ai.go:82.26,83.41 1 0
github.com/xiaofengguo/web-doc/api/internal/ai/ai.go:83.41,85.3 1 0
github.com/xiaofengguo/web-doc/api/internal/ai/ai.go:86.2,86.39 1 0
github.com/xiaofengguo/web-doc/api/internal/ai/ai.go:86.39,88.3 1 0
github.com/xiaofengguo/web-doc/api/internal/ai/ai.go:90.2,92.15 3 0
github.com/xiaofengguo/web-doc/api/internal/ai/ai.go:92.15,94.3 1 0
github.com/xiaofengguo/web-doc/api/internal/ai/ai.go:95.2,96.17 2 0
github.com/xiaofengguo/web-doc/api/internal/ai/ai.go:96.17,98.3 1 0
github.com/xiaofengguo/web-doc/api/internal/ai/ai.go:100.2,107.20 2 0
github.com/xiaofengguo/web-doc/api/internal/ai/ai.go:107.20,110.3 2 0
github.com/xiaofengguo/web-doc/api/internal/ai/ai.go:111.2,112.16 2 0
github.com/xiaofengguo/web-doc/api/internal/ai/ai.go:112.16,114.3 1 0
github.com/xiaofengguo/web-doc/api/internal/ai/ai.go:116.2,117.16 2 0
github.com/xiaofengguo/web-doc/api/internal/ai/ai.go:117.16,119.3 1 0
github.com/xiaofengguo/web-doc/api/internal/ai/ai.go:120.2,122.21 3 0
github.com/xiaofengguo/web-doc/api/internal/ai/ai.go:122.21,124.3 1 0
github.com/xiaofengguo/web-doc/api/internal/ai/ai.go:126.2,128.16 3 0
github.com/xiaofengguo/web-doc/api/internal/ai/ai.go:128.16,130.3 1 0
github.com/xiaofengguo/web-doc/api/internal/ai/ai.go:131.2,133.28 2 0
github.com/xiaofengguo/web-doc/api/internal/ai/ai.go:133.28,136.3 2 0
github.com/xiaofengguo/web-doc/api/internal/ai/ai.go:138.2,146.6 3 0
github.com/xiaofengguo/web-doc/api/internal/ai/ai.go:146.6,147.10 1 0
github.com/xiaofengguo/web-doc/api/internal/ai/ai.go:148.21,149.65 1 0
github.com/xiaofengguo/web-doc/api/internal/ai/ai.go:150.11,150.11 0 0
github.com/xiaofengguo/web-doc/api/internal/ai/ai.go:152.3,153.17 2 0
github.com/xiaofengguo/web-doc/api/internal/ai/ai.go:153.17,154.30 1 0
github.com/xiaofengguo/web-doc/api/internal/ai/ai.go:154.30,155.10 1 0
github.com/xiaofengguo/web-doc/api/internal/ai/ai.go:157.4,157.19 1 0
github.com/xiaofengguo/web-doc/api/internal/ai/ai.go:159.3,160.54 2 0
github.com/xiaofengguo/web-doc/api/internal/ai/ai.go:160.54,161.12 1 0
github.com/xiaofengguo/web-doc/api/internal/ai/ai.go:163.3,164.23 2 0
github.com/xiaofengguo/web-doc/api/internal/ai/ai.go:164.23,165.9 1 0
github.com/xiaofengguo/web-doc/api/internal/ai/ai.go:169.3,186.62 2 0
github.com/xiaofengguo/web-doc/api/internal/ai/ai.go:186.62,187.12 1 0
github.com/xiaofengguo/web-doc/api/internal/ai/ai.go:189.3,189.30 1 0
github.com/xiaofengguo/web-doc/api/internal/ai/ai.go:189.30,190.12 1 0
github.com/xiaofengguo/web-doc/api/internal/ai/ai.go:192.3,194.29 2 0
github.com/xiaofengguo/web-doc/api/internal/ai/ai.go:194.29,196.32 2 0
github.com/xiaofengguo/web-doc/api/internal/ai/ai.go:196.32,198.5 1 0
github.com/xiaofengguo/web-doc/api/internal/ai/ai.go:201.3,201.42 1 0
github.com/xiaofengguo/web-doc/api/internal/ai/ai.go:201.42,203.11 2 0
github.com/xiaofengguo/web-doc/api/internal/ai/ai.go:203.11,206.5 2 0
github.com/xiaofengguo/web-doc/api/internal/ai/ai.go:207.4,207.20 1 0
github.com/xiaofengguo/web-doc/api/internal/ai/ai.go:207.20,209.5 1 0
github.com/xiaofengguo/web-doc/api/internal/ai/ai.go:210.4,210.22 1 0
github.com/xiaofengguo/web-doc/api/internal/ai/ai.go:210.22,212.5 1 0
github.com/xiaofengguo/web-doc/api/internal/ai/ai.go:213.4,213.31 1 0
github.com/xiaofengguo/web-doc/api/internal/ai/ai.go:213.31,215.5 1 0
github.com/xiaofengguo/web-doc/api/internal/ai/ai.go:216.4,216.36 1 0
github.com/xiaofengguo/web-doc/api/internal/ai/ai.go:216.36,218.5 1 0
github.com/xiaofengguo/web-doc/api/internal/ai/ai.go:220.4,220.55 1 0
github.com/xiaofengguo/web-doc/api/internal/ai/ai.go:220.55,222.34 2 0
github.com/xiaofengguo/web-doc/api/internal/ai/ai.go:222.34,224.6 1 0
github.com/xiaofengguo/web-doc/api/internal/ai/ai.go:226.4,226.64 1 0
github.com/xiaofengguo/web-doc/api/internal/ai/ai.go:226.64,228.5 1 0
github.com/xiaofengguo/web-doc/api/internal/ai/ai.go:231.3,231.57 1 0
github.com/xiaofengguo/web-doc/api/internal/ai/ai.go:231.57,233.4 1 0
github.com/xiaofengguo/web-doc/api/internal/ai/ai.go:237.2,238.32 2 0
github.com/xiaofengguo/web-doc/api/internal/ai/ai.go:238.32,240.3 1 0
github.com/xiaofengguo/web-doc/api/internal/ai/ai.go:242.2,242.36 1 0
github.com/xiaofengguo/web-doc/api/internal/ai/ai.go:242.36,243.41 1 0
github.com/xiaofengguo/web-doc/api/internal/ai/ai.go:243.41,244.31 1 0
github.com/xiaofengguo/web-doc/api/internal/ai/ai.go:244.31,246.5 1 0
github.com/xiaofengguo/web-doc/api/internal/ai/ai.go:249.2,250.30 2 0
github.com/xiaofengguo/web-doc/api/internal/ai/ai.go:250.30,253.18 2 0
github.com/xiaofengguo/web-doc/api/internal/ai/ai.go:253.18,255.4 1 0
github.com/xiaofengguo/web-doc/api/internal/ai/ai.go:256.3,256.20 1 0
github.com/xiaofengguo/web-doc/api/internal/ai/ai.go:256.20,258.4 1 0
github.com/xiaofengguo/web-doc/api/internal/ai/ai.go:259.3,259.29 1 0
github.com/xiaofengguo/web-doc/api/internal/ai/ai.go:262.2,262.24 1 0
github.com/xiaofengguo/web-doc/api/internal/ai/ai.go:262.24,264.3 1 0
github.com/xiaofengguo/web-doc/api/internal/ai/ai.go:265.2,269.8 1 0
github.com/xiaofengguo/web-doc/api/internal/ai/ai.go:276.37,277.62 1 0
github.com/xiaofengguo/web-doc/api/internal/ai/ai.go:277.62,278.45 1 0
github.com/xiaofengguo/web-doc/api/internal/ai/ai.go:278.45,280.52 2 0
github.com/xiaofengguo/web-doc/api/internal/ai/ai.go:280.52,282.5 1 0
github.com/xiaofengguo/web-doc/api/internal/ai/ai.go:283.4,283.47 1 0
github.com/xiaofengguo/web-doc/api/internal/ai/ai.go:283.47,285.5 1 0
github.com/xiaofengguo/web-doc/api/internal/ai/ai.go:288.2,289.56 2 0
github.com/xiaofengguo/web-doc/api/internal/ai/ai.go:289.56,290.45 1 0
github.com/xiaofengguo/web-doc/api/internal/ai/ai.go:290.45,292.4 1 0
github.com/xiaofengguo/web-doc/api/internal/ai/ai.go:294.2,294.31 1 0
github.com/xiaofengguo/web-doc/api/internal/ai/ai.go:298.38,300.74 2 0
github.com/xiaofengguo/web-doc/api/internal/ai/ai.go:300.74,302.3 1 0
github.com/xiaofengguo/web-doc/api/internal/ai/ai.go:303.2,313.9 1 0
github.com/xiaofengguo/web-doc/api/internal/ai/ai.go:316.39,317.17 1 0
github.com/xiaofengguo/web-doc/api/internal/ai/ai.go:317.17,319.3 1 0
github.com/xiaofengguo/web-doc/api/internal/ai/ai.go:320.2,320.22 1 0
github.com/xiaofengguo/web-doc/api/internal/ai/ai.go:366.28,443.2 1 0
github.com/xiaofengguo/web-doc/api/internal/auth/auth.go:26.49,28.16 2 0
github.com/xiaofengguo/web-doc/api/internal/auth/auth.go:28.16,30.3 1 0
github.com/xiaofengguo/web-doc/api/internal/auth/auth.go:31.2,31.23 1 0
github.com/xiaofengguo/web-doc/api/internal/auth/auth.go:35.45,37.2 1 0
github.com/xiaofengguo/web-doc/api/internal/auth/auth.go:40.76,41.16 1 0
github.com/xiaofengguo/web-doc/api/internal/auth/auth.go:41.16,43.3 1 0
github.com/xiaofengguo/web-doc/api/internal/auth/auth.go:44.2,44.16 1 0
github.com/xiaofengguo/web-doc/api/internal/auth/auth.go:44.16,46.3 1 0
github.com/xiaofengguo/web-doc/api/internal/auth/auth.go:47.2,54.33 8 0
github.com/xiaofengguo/web-doc/api/internal/auth/auth.go:58.60,60.21 2 0
github.com/xiaofengguo/web-doc/api/internal/auth/auth.go:60.21,62.3 1 0
github.com/xiaofengguo/web-doc/api/internal/auth/auth.go:63.2,65.53 3 0
github.com/xiaofengguo/web-doc/api/internal/auth/auth.go:65.53,67.3 1 0
github.com/xiaofengguo/web-doc/api/internal/auth/auth.go:68.2,69.16 2 0
github.com/xiaofengguo/web-doc/api/internal/auth/auth.go:69.16,71.3 1 0
github.com/xiaofengguo/web-doc/api/internal/auth/auth.go:72.2,73.47 2 0
github.com/xiaofengguo/web-doc/api/internal/auth/auth.go:73.47,75.3 1 0
github.com/xiaofengguo/web-doc/api/internal/auth/auth.go:76.2,76.44 1 0
github.com/xiaofengguo/web-doc/api/internal/auth/auth.go:76.44,78.3 1 0
github.com/xiaofengguo/web-doc/api/internal/auth/auth.go:79.2,79.16 1 0
github.com/xiaofengguo/web-doc/api/internal/auth/auth.go:82.39,86.2 3 0
github.com/xiaofengguo/web-doc/api/internal/auth/auth.go:88.27,88.77 1 0
github.com/xiaofengguo/web-doc/api/internal/model/seed.go:11.38,81.29 2 0
github.com/xiaofengguo/web-doc/api/internal/model/seed.go:81.29,83.64 2 0
github.com/xiaofengguo/web-doc/api/internal/model/seed.go:83.64,84.12 1 0
github.com/xiaofengguo/web-doc/api/internal/model/seed.go:86.3,88.26 3 0
github.com/xiaofengguo/web-doc/api/internal/model/seed.go:93.27,93.54 1 0
github.com/xiaofengguo/web-doc/api/internal/storage/storage.go:27.41,28.49 1 0
github.com/xiaofengguo/web-doc/api/internal/storage/storage.go:28.49,30.3 1 0
github.com/xiaofengguo/web-doc/api/internal/storage/storage.go:31.2,31.34 1 0
github.com/xiaofengguo/web-doc/api/internal/storage/storage.go:35.48,37.2 1 0
github.com/xiaofengguo/web-doc/api/internal/storage/storage.go:40.66,42.29 2 0
github.com/xiaofengguo/web-doc/api/internal/storage/storage.go:42.29,44.3 1 0
github.com/xiaofengguo/web-doc/api/internal/storage/storage.go:45.2,49.48 5 0
github.com/xiaofengguo/web-doc/api/internal/storage/storage.go:49.48,51.3 1 0
github.com/xiaofengguo/web-doc/api/internal/storage/storage.go:52.2,52.18 1 0
github.com/xiaofengguo/web-doc/api/internal/storage/storage.go:56.55,58.48 2 0
github.com/xiaofengguo/web-doc/api/internal/storage/storage.go:58.48,60.3 1 0
github.com/xiaofengguo/web-doc/api/internal/storage/storage.go:61.2,61.16 1 0
github.com/xiaofengguo/web-doc/api/internal/storage/storage.go:61.16,63.3 1 0
github.com/xiaofengguo/web-doc/api/internal/storage/storage.go:64.2,64.76 1 0
github.com/xiaofengguo/web-doc/api/internal/storage/storage.go:68.67,69.20 1 0
github.com/xiaofengguo/web-doc/api/internal/storage/storage.go:69.20,71.3 1 0
github.com/xiaofengguo/web-doc/api/internal/storage/storage.go:72.2,73.16 2 0
github.com/xiaofengguo/web-doc/api/internal/storage/storage.go:73.16,75.3 1 0
github.com/xiaofengguo/web-doc/api/internal/storage/storage.go:76.2,76.63 1 0
github.com/xiaofengguo/web-doc/api/internal/storage/storage.go:76.63,78.3 1 0
github.com/xiaofengguo/web-doc/api/internal/storage/storage.go:79.2,79.40 1 0
github.com/xiaofengguo/web-doc/api/internal/storage/storage.go:84.85,86.16 2 0
github.com/xiaofengguo/web-doc/api/internal/storage/storage.go:86.16,88.3 1 0
github.com/xiaofengguo/web-doc/api/internal/storage/storage.go:89.2,91.42 2 0
github.com/xiaofengguo/web-doc/api/internal/storage/storage.go:91.42,93.3 1 0
github.com/xiaofengguo/web-doc/api/internal/storage/storage.go:94.2,94.48 1 0
github.com/xiaofengguo/web-doc/api/internal/storage/storage.go:94.48,96.3 1 0
github.com/xiaofengguo/web-doc/api/internal/storage/storage.go:97.2,98.28 2 0
github.com/xiaofengguo/web-doc/api/internal/storage/storage.go:98.28,100.87 1 0
github.com/xiaofengguo/web-doc/api/internal/storage/storage.go:100.87,101.12 1 0
github.com/xiaofengguo/web-doc/api/internal/storage/storage.go:103.3,103.27 1 0
github.com/xiaofengguo/web-doc/api/internal/storage/storage.go:103.27,104.12 1 0
github.com/xiaofengguo/web-doc/api/internal/storage/storage.go:106.3,106.24 1 0
github.com/xiaofengguo/web-doc/api/internal/storage/storage.go:106.24,107.12 1 0
github.com/xiaofengguo/web-doc/api/internal/storage/storage.go:109.3,110.17 2 0
github.com/xiaofengguo/web-doc/api/internal/storage/storage.go:110.17,111.12 1 0
github.com/xiaofengguo/web-doc/api/internal/storage/storage.go:113.3,113.64 1 0
github.com/xiaofengguo/web-doc/api/internal/storage/storage.go:113.64,115.4 1 0
github.com/xiaofengguo/web-doc/api/internal/storage/storage.go:116.3,117.17 2 0
github.com/xiaofengguo/web-doc/api/internal/storage/storage.go:117.17,119.4 1 0
github.com/xiaofengguo/web-doc/api/internal/storage/storage.go:120.3,121.17 2 0
github.com/xiaofengguo/web-doc/api/internal/storage/storage.go:121.17,124.4 2 0
github.com/xiaofengguo/web-doc/api/internal/storage/storage.go:125.3,125.45 1 0
github.com/xiaofengguo/web-doc/api/internal/storage/storage.go:125.45,129.4 3 0
github.com/xiaofengguo/web-doc/api/internal/storage/storage.go:130.3,134.59 4 0
github.com/xiaofengguo/web-doc/api/internal/storage/storage.go:134.59,136.4 1 0
github.com/xiaofengguo/web-doc/api/internal/storage/storage.go:138.2,138.22 1 0
github.com/xiaofengguo/web-doc/api/internal/storage/storage.go:142.54,144.16 2 0
github.com/xiaofengguo/web-doc/api/internal/storage/storage.go:144.16,146.3 1 0
github.com/xiaofengguo/web-doc/api/internal/storage/storage.go:147.2,148.36 2 0
github.com/xiaofengguo/web-doc/api/internal/storage/storage.go:152.49,154.2 1 0
github.com/xiaofengguo/web-doc/api/internal/storage/storage.go:157.47,159.88 2 0
github.com/xiaofengguo/web-doc/api/internal/storage/storage.go:159.88,160.49 1 0
github.com/xiaofengguo/web-doc/api/internal/storage/storage.go:160.49,162.4 1 0
github.com/xiaofengguo/web-doc/api/internal/storage/storage.go:163.3,163.13 1 0
github.com/xiaofengguo/web-doc/api/internal/storage/storage.go:165.2,165.13 1 0
github.com/xiaofengguo/web-doc/api/internal/storage/storage.go:169.61,172.79 3 0
github.com/xiaofengguo/web-doc/api/internal/storage/storage.go:172.79,173.33 1 0
github.com/xiaofengguo/web-doc/api/internal/storage/storage.go:173.33,175.4 1 0
github.com/xiaofengguo/web-doc/api/internal/storage/storage.go:176.3,178.13 3 0
github.com/xiaofengguo/web-doc/api/internal/storage/storage.go:180.2,180.17 1 0
github.com/xiaofengguo/web-doc/api/internal/storage/storage.go:183.33,185.15 2 0
github.com/xiaofengguo/web-doc/api/internal/storage/storage.go:185.15,187.3 1 0
github.com/xiaofengguo/web-doc/api/internal/storage/storage.go:188.2,188.24 1 0
github.com/xiaofengguo/web-doc/api/internal/watcher/util.go:5.50,5.71 1 0
github.com/xiaofengguo/web-doc/api/internal/watcher/watcher.go:23.40,25.16 2 0
github.com/xiaofengguo/web-doc/api/internal/watcher/watcher.go:25.16,27.3 1 0
github.com/xiaofengguo/web-doc/api/internal/watcher/watcher.go:28.2,37.15 4 0
github.com/xiaofengguo/web-doc/api/internal/watcher/watcher.go:41.39,43.2 1 0
github.com/xiaofengguo/web-doc/api/internal/watcher/watcher.go:46.51,50.26 4 0
github.com/xiaofengguo/web-doc/api/internal/watcher/watcher.go:50.26,52.3 1 0
github.com/xiaofengguo/web-doc/api/internal/watcher/watcher.go:53.2,54.11 2 0
github.com/xiaofengguo/web-doc/api/internal/watcher/watcher.go:57.57,60.32 3 0
github.com/xiaofengguo/web-doc/api/internal/watcher/watcher.go:60.32,63.18 3 0
github.com/xiaofengguo/web-doc/api/internal/watcher/watcher.go:63.18,65.4 1 0
github.com/xiaofengguo/web-doc/api/internal/watcher/watcher.go:69.46,72.32 3 0
github.com/xiaofengguo/web-doc/api/internal/watcher/watcher.go:72.32,73.10 1 0
github.com/xiaofengguo/web-doc/api/internal/watcher/watcher.go:74.20,74.20 0 0
github.com/xiaofengguo/web-doc/api/internal/watcher/watcher.go:75.11,75.11 0 0
github.com/xiaofengguo/web-doc/api/internal/watcher/watcher.go:80.21,81.6 1 0
github.com/xiaofengguo/web-doc/api/internal/watcher/watcher.go:81.6,82.10 1 0
github.com/xiaofengguo/web-doc/api/internal/watcher/watcher.go:83.37,84.11 1 0
github.com/xiaofengguo/web-doc/api/internal/watcher/watcher.go:84.11,86.5 1 0
github.com/xiaofengguo/web-doc/api/internal/watcher/watcher.go:87.4,87.21 1 0
github.com/xiaofengguo/web-doc/api/internal/watcher/watcher.go:88.38,89.11 1 0
github.com/xiaofengguo/web-doc/api/internal/watcher/watcher.go:89.11,91.5 1 0
github.com/xiaofengguo/web-doc/api/internal/watcher/watcher.go:92.4,92.42 1 0
github.com/xiaofengguo/web-doc/api/internal/watcher/watcher.go:97.46,100.48 2 0
github.com/xiaofengguo/web-doc/api/internal/watcher/watcher.go:100.48,102.3 1 0
github.com/xiaofengguo/web-doc/api/internal/watcher/watcher.go:103.2,104.58 2 0
github.com/xiaofengguo/web-doc/api/internal/watcher/watcher.go:104.58,106.3 1 0
github.com/xiaofengguo/web-doc/api/internal/watcher/watcher.go:107.2,110.32 2 0
github.com/xiaofengguo/web-doc/api/internal/watcher/watcher.go:110.32,111.69 1 0
github.com/xiaofengguo/web-doc/api/internal/watcher/watcher.go:111.69,113.4 1 0
github.com/xiaofengguo/web-doc/api/internal/watcher/watcher.go:117.2,119.36 3 0
github.com/xiaofengguo/web-doc/api/internal/watcher/watcher.go:119.36,121.3 1 0
github.com/xiaofengguo/web-doc/api/internal/watcher/watcher.go:122.2,122.66 1 0
github.com/xiaofengguo/web-doc/api/internal/watcher/watcher.go:122.66,124.3 1 0
github.com/xiaofengguo/web-doc/api/internal/ai/ai.go:82.26,83.41 1 0
github.com/xiaofengguo/web-doc/api/internal/ai/ai.go:83.41,85.3 1 0
github.com/xiaofengguo/web-doc/api/internal/ai/ai.go:86.2,86.39 1 0
github.com/xiaofengguo/web-doc/api/internal/ai/ai.go:86.39,88.3 1 0
github.com/xiaofengguo/web-doc/api/internal/ai/ai.go:90.2,92.15 3 0
github.com/xiaofengguo/web-doc/api/internal/ai/ai.go:92.15,94.3 1 0
github.com/xiaofengguo/web-doc/api/internal/ai/ai.go:95.2,96.17 2 0
github.com/xiaofengguo/web-doc/api/internal/ai/ai.go:96.17,98.3 1 0
github.com/xiaofengguo/web-doc/api/internal/ai/ai.go:100.2,107.20 2 0
github.com/xiaofengguo/web-doc/api/internal/ai/ai.go:107.20,110.3 2 0
github.com/xiaofengguo/web-doc/api/internal/ai/ai.go:111.2,112.16 2 0
github.com/xiaofengguo/web-doc/api/internal/ai/ai.go:112.16,114.3 1 0
github.com/xiaofengguo/web-doc/api/internal/ai/ai.go:116.2,117.16 2 0
github.com/xiaofengguo/web-doc/api/internal/ai/ai.go:117.16,119.3 1 0
github.com/xiaofengguo/web-doc/api/internal/ai/ai.go:120.2,122.21 3 0
github.com/xiaofengguo/web-doc/api/internal/ai/ai.go:122.21,124.3 1 0
github.com/xiaofengguo/web-doc/api/internal/ai/ai.go:126.2,128.16 3 0
github.com/xiaofengguo/web-doc/api/internal/ai/ai.go:128.16,130.3 1 0
github.com/xiaofengguo/web-doc/api/internal/ai/ai.go:131.2,133.28 2 0
github.com/xiaofengguo/web-doc/api/internal/ai/ai.go:133.28,136.3 2 0
github.com/xiaofengguo/web-doc/api/internal/ai/ai.go:138.2,146.6 3 0
github.com/xiaofengguo/web-doc/api/internal/ai/ai.go:146.6,147.10 1 0
github.com/xiaofengguo/web-doc/api/internal/ai/ai.go:148.21,149.65 1 0
github.com/xiaofengguo/web-doc/api/internal/ai/ai.go:150.11,150.11 0 0
github.com/xiaofengguo/web-doc/api/internal/ai/ai.go:152.3,153.17 2 0
github.com/xiaofengguo/web-doc/api/internal/ai/ai.go:153.17,154.30 1 0
github.com/xiaofengguo/web-doc/api/internal/ai/ai.go:154.30,155.10 1 0
github.com/xiaofengguo/web-doc/api/internal/ai/ai.go:157.4,157.19 1 0
github.com/xiaofengguo/web-doc/api/internal/ai/ai.go:159.3,160.54 2 0
github.com/xiaofengguo/web-doc/api/internal/ai/ai.go:160.54,161.12 1 0
github.com/xiaofengguo/web-doc/api/internal/ai/ai.go:163.3,164.23 2 0
github.com/xiaofengguo/web-doc/api/internal/ai/ai.go:164.23,165.9 1 0
github.com/xiaofengguo/web-doc/api/internal/ai/ai.go:169.3,186.62 2 0
github.com/xiaofengguo/web-doc/api/internal/ai/ai.go:186.62,187.12 1 0
github.com/xiaofengguo/web-doc/api/internal/ai/ai.go:189.3,189.30 1 0
github.com/xiaofengguo/web-doc/api/internal/ai/ai.go:189.30,190.12 1 0
github.com/xiaofengguo/web-doc/api/internal/ai/ai.go:192.3,194.29 2 0
github.com/xiaofengguo/web-doc/api/internal/ai/ai.go:194.29,196.32 2 0
github.com/xiaofengguo/web-doc/api/internal/ai/ai.go:196.32,198.5 1 0
github.com/xiaofengguo/web-doc/api/internal/ai/ai.go:201.3,201.42 1 0
github.com/xiaofengguo/web-doc/api/internal/ai/ai.go:201.42,203.11 2 0
github.com/xiaofengguo/web-doc/api/internal/ai/ai.go:203.11,206.5 2 0
github.com/xiaofengguo/web-doc/api/internal/ai/ai.go:207.4,207.20 1 0
github.com/xiaofengguo/web-doc/api/internal/ai/ai.go:207.20,209.5 1 0
github.com/xiaofengguo/web-doc/api/internal/ai/ai.go:210.4,210.22 1 0
github.com/xiaofengguo/web-doc/api/internal/ai/ai.go:210.22,212.5 1 0
github.com/xiaofengguo/web-doc/api/internal/ai/ai.go:213.4,213.31 1 0
github.com/xiaofengguo/web-doc/api/internal/ai/ai.go:213.31,215.5 1 0
github.com/xiaofengguo/web-doc/api/internal/ai/ai.go:216.4,216.36 1 0
github.com/xiaofengguo/web-doc/api/internal/ai/ai.go:216.36,218.5 1 0
github.com/xiaofengguo/web-doc/api/internal/ai/ai.go:220.4,220.55 1 0
github.com/xiaofengguo/web-doc/api/internal/ai/ai.go:220.55,222.34 2 0
github.com/xiaofengguo/web-doc/api/internal/ai/ai.go:222.34,224.6 1 0
github.com/xiaofengguo/web-doc/api/internal/ai/ai.go:226.4,226.64 1 0
github.com/xiaofengguo/web-doc/api/internal/ai/ai.go:226.64,228.5 1 0
github.com/xiaofengguo/web-doc/api/internal/ai/ai.go:231.3,231.57 1 0
github.com/xiaofengguo/web-doc/api/internal/ai/ai.go:231.57,233.4 1 0
github.com/xiaofengguo/web-doc/api/internal/ai/ai.go:237.2,238.32 2 0
github.com/xiaofengguo/web-doc/api/internal/ai/ai.go:238.32,240.3 1 0
github.com/xiaofengguo/web-doc/api/internal/ai/ai.go:242.2,242.36 1 0
github.com/xiaofengguo/web-doc/api/internal/ai/ai.go:242.36,243.41 1 0
github.com/xiaofengguo/web-doc/api/internal/ai/ai.go:243.41,244.31 1 0
github.com/xiaofengguo/web-doc/api/internal/ai/ai.go:244.31,246.5 1 0
github.com/xiaofengguo/web-doc/api/internal/ai/ai.go:249.2,250.30 2 0
github.com/xiaofengguo/web-doc/api/internal/ai/ai.go:250.30,253.18 2 0
github.com/xiaofengguo/web-doc/api/internal/ai/ai.go:253.18,255.4 1 0
github.com/xiaofengguo/web-doc/api/internal/ai/ai.go:256.3,256.20 1 0
github.com/xiaofengguo/web-doc/api/internal/ai/ai.go:256.20,258.4 1 0
github.com/xiaofengguo/web-doc/api/internal/ai/ai.go:259.3,259.29 1 0
github.com/xiaofengguo/web-doc/api/internal/ai/ai.go:262.2,262.24 1 0
github.com/xiaofengguo/web-doc/api/internal/ai/ai.go:262.24,264.3 1 0
github.com/xiaofengguo/web-doc/api/internal/ai/ai.go:265.2,269.8 1 0
github.com/xiaofengguo/web-doc/api/internal/ai/ai.go:276.37,277.62 1 0
github.com/xiaofengguo/web-doc/api/internal/ai/ai.go:277.62,278.45 1 0
github.com/xiaofengguo/web-doc/api/internal/ai/ai.go:278.45,280.52 2 0
github.com/xiaofengguo/web-doc/api/internal/ai/ai.go:280.52,282.5 1 0
github.com/xiaofengguo/web-doc/api/internal/ai/ai.go:283.4,283.47 1 0
github.com/xiaofengguo/web-doc/api/internal/ai/ai.go:283.47,285.5 1 0
github.com/xiaofengguo/web-doc/api/internal/ai/ai.go:288.2,289.56 2 0
github.com/xiaofengguo/web-doc/api/internal/ai/ai.go:289.56,290.45 1 0
github.com/xiaofengguo/web-doc/api/internal/ai/ai.go:290.45,292.4 1 0
github.com/xiaofengguo/web-doc/api/internal/ai/ai.go:294.2,294.31 1 0
github.com/xiaofengguo/web-doc/api/internal/ai/ai.go:298.38,300.74 2 0
github.com/xiaofengguo/web-doc/api/internal/ai/ai.go:300.74,302.3 1 0
github.com/xiaofengguo/web-doc/api/internal/ai/ai.go:303.2,313.9 1 0
github.com/xiaofengguo/web-doc/api/internal/ai/ai.go:316.39,317.17 1 0
github.com/xiaofengguo/web-doc/api/internal/ai/ai.go:317.17,319.3 1 0
github.com/xiaofengguo/web-doc/api/internal/ai/ai.go:320.2,320.22 1 0
github.com/xiaofengguo/web-doc/api/internal/ai/ai.go:366.28,443.2 1 0
github.com/xiaofengguo/web-doc/api/internal/auth/auth.go:26.49,28.16 2 0
github.com/xiaofengguo/web-doc/api/internal/auth/auth.go:28.16,30.3 1 0
github.com/xiaofengguo/web-doc/api/internal/auth/auth.go:31.2,31.23 1 0
github.com/xiaofengguo/web-doc/api/internal/auth/auth.go:35.45,37.2 1 0
github.com/xiaofengguo/web-doc/api/internal/auth/auth.go:40.76,41.16 1 0
github.com/xiaofengguo/web-doc/api/internal/auth/auth.go:41.16,43.3 1 0
github.com/xiaofengguo/web-doc/api/internal/auth/auth.go:44.2,44.16 1 0
github.com/xiaofengguo/web-doc/api/internal/auth/auth.go:44.16,46.3 1 0
github.com/xiaofengguo/web-doc/api/internal/auth/auth.go:47.2,54.33 8 0
github.com/xiaofengguo/web-doc/api/internal/auth/auth.go:58.60,60.21 2 0
github.com/xiaofengguo/web-doc/api/internal/auth/auth.go:60.21,62.3 1 0
github.com/xiaofengguo/web-doc/api/internal/auth/auth.go:63.2,65.53 3 0
github.com/xiaofengguo/web-doc/api/internal/auth/auth.go:65.53,67.3 1 0
github.com/xiaofengguo/web-doc/api/internal/auth/auth.go:68.2,69.16 2 0
github.com/xiaofengguo/web-doc/api/internal/auth/auth.go:69.16,71.3 1 0
github.com/xiaofengguo/web-doc/api/internal/auth/auth.go:72.2,73.47 2 0
github.com/xiaofengguo/web-doc/api/internal/auth/auth.go:73.47,75.3 1 0
github.com/xiaofengguo/web-doc/api/internal/auth/auth.go:76.2,76.44 1 0
github.com/xiaofengguo/web-doc/api/internal/auth/auth.go:76.44,78.3 1 0
github.com/xiaofengguo/web-doc/api/internal/auth/auth.go:79.2,79.16 1 0
github.com/xiaofengguo/web-doc/api/internal/auth/auth.go:82.39,86.2 3 0
github.com/xiaofengguo/web-doc/api/internal/auth/auth.go:88.27,88.77 1 0
github.com/xiaofengguo/web-doc/api/internal/db/db.go:18.49,21.16 3 1
github.com/xiaofengguo/web-doc/api/internal/db/db.go:21.16,23.3 1 1
github.com/xiaofengguo/web-doc/api/internal/db/db.go:25.2,28.16 2 1
github.com/xiaofengguo/web-doc/api/internal/db/db.go:28.16,30.3 1 0
github.com/xiaofengguo/web-doc/api/internal/db/db.go:31.2,31.24 1 1
github.com/xiaofengguo/web-doc/api/internal/db/db.go:31.24,32.44 1 1
github.com/xiaofengguo/web-doc/api/internal/db/db.go:32.44,34.4 1 0
github.com/xiaofengguo/web-doc/api/internal/db/db.go:36.2,43.16 1 1
github.com/xiaofengguo/web-doc/api/internal/db/db.go:43.16,45.3 1 0
github.com/xiaofengguo/web-doc/api/internal/db/db.go:47.2,48.15 2 1
github.com/xiaofengguo/web-doc/api/internal/db/db.go:51.60,52.16 1 1
github.com/xiaofengguo/web-doc/api/internal/db/db.go:53.16,54.46 1 1
github.com/xiaofengguo/web-doc/api/internal/db/db.go:54.46,56.4 1 0
github.com/xiaofengguo/web-doc/api/internal/db/db.go:57.3,57.31 1 1
github.com/xiaofengguo/web-doc/api/internal/db/db.go:58.18,59.33 1 0
github.com/xiaofengguo/web-doc/api/internal/db/db.go:60.10,61.67 1 1
github.com/xiaofengguo/web-doc/api/internal/db/db.go:65.44,66.52 1 1
github.com/xiaofengguo/web-doc/api/internal/db/db.go:67.20,68.18 1 1
github.com/xiaofengguo/web-doc/api/internal/db/db.go:69.32,70.20 1 0
github.com/xiaofengguo/web-doc/api/internal/db/db.go:71.10,72.52 1 1
github.com/xiaofengguo/web-doc/api/internal/db/db.go:76.40,77.71 1 1
github.com/xiaofengguo/web-doc/api/internal/db/db.go:77.71,79.3 1 0
github.com/xiaofengguo/web-doc/api/internal/db/db.go:80.2,80.46 1 1
github.com/xiaofengguo/web-doc/api/internal/db/db.go:83.40,88.4 1 1
github.com/xiaofengguo/web-doc/api/internal/db/db.go:88.4,89.44 1 1
github.com/xiaofengguo/web-doc/api/internal/db/db.go:89.44,91.4 1 0
github.com/xiaofengguo/web-doc/api/internal/db/db.go:93.2,93.12 1 1
github.com/xiaofengguo/web-doc/api/internal/model/seed.go:11.38,81.29 2 1
github.com/xiaofengguo/web-doc/api/internal/model/seed.go:81.29,83.64 2 1
github.com/xiaofengguo/web-doc/api/internal/model/seed.go:83.64,84.12 1 0
github.com/xiaofengguo/web-doc/api/internal/model/seed.go:86.3,88.26 3 1
github.com/xiaofengguo/web-doc/api/internal/model/seed.go:93.27,93.54 1 0
github.com/xiaofengguo/web-doc/api/internal/model/seed.go:11.38,81.29 2 0
github.com/xiaofengguo/web-doc/api/internal/model/seed.go:81.29,83.64 2 0
github.com/xiaofengguo/web-doc/api/internal/model/seed.go:83.64,84.12 1 0
github.com/xiaofengguo/web-doc/api/internal/model/seed.go:86.3,88.26 3 0
github.com/xiaofengguo/web-doc/api/internal/model/seed.go:93.27,93.54 1 0
github.com/xiaofengguo/web-doc/api/internal/storage/storage.go:27.41,28.49 1 0
github.com/xiaofengguo/web-doc/api/internal/storage/storage.go:28.49,30.3 1 0
github.com/xiaofengguo/web-doc/api/internal/storage/storage.go:31.2,31.34 1 0
github.com/xiaofengguo/web-doc/api/internal/storage/storage.go:35.48,37.2 1 0
github.com/xiaofengguo/web-doc/api/internal/storage/storage.go:40.66,42.29 2 0
github.com/xiaofengguo/web-doc/api/internal/storage/storage.go:42.29,44.3 1 0
github.com/xiaofengguo/web-doc/api/internal/storage/storage.go:45.2,49.48 5 0
github.com/xiaofengguo/web-doc/api/internal/storage/storage.go:49.48,51.3 1 0
github.com/xiaofengguo/web-doc/api/internal/storage/storage.go:52.2,52.18 1 0
github.com/xiaofengguo/web-doc/api/internal/storage/storage.go:56.55,58.48 2 0
github.com/xiaofengguo/web-doc/api/internal/storage/storage.go:58.48,60.3 1 0
github.com/xiaofengguo/web-doc/api/internal/storage/storage.go:61.2,61.16 1 0
github.com/xiaofengguo/web-doc/api/internal/storage/storage.go:61.16,63.3 1 0
github.com/xiaofengguo/web-doc/api/internal/storage/storage.go:64.2,64.76 1 0
github.com/xiaofengguo/web-doc/api/internal/storage/storage.go:68.67,69.20 1 0
github.com/xiaofengguo/web-doc/api/internal/storage/storage.go:69.20,71.3 1 0
github.com/xiaofengguo/web-doc/api/internal/storage/storage.go:72.2,73.16 2 0
github.com/xiaofengguo/web-doc/api/internal/storage/storage.go:73.16,75.3 1 0
github.com/xiaofengguo/web-doc/api/internal/storage/storage.go:76.2,76.63 1 0
github.com/xiaofengguo/web-doc/api/internal/storage/storage.go:76.63,78.3 1 0
github.com/xiaofengguo/web-doc/api/internal/storage/storage.go:79.2,79.40 1 0
github.com/xiaofengguo/web-doc/api/internal/storage/storage.go:84.85,86.16 2 0
github.com/xiaofengguo/web-doc/api/internal/storage/storage.go:86.16,88.3 1 0
github.com/xiaofengguo/web-doc/api/internal/storage/storage.go:89.2,91.42 2 0
github.com/xiaofengguo/web-doc/api/internal/storage/storage.go:91.42,93.3 1 0
github.com/xiaofengguo/web-doc/api/internal/storage/storage.go:94.2,94.48 1 0
github.com/xiaofengguo/web-doc/api/internal/storage/storage.go:94.48,96.3 1 0
github.com/xiaofengguo/web-doc/api/internal/storage/storage.go:97.2,98.28 2 0
github.com/xiaofengguo/web-doc/api/internal/storage/storage.go:98.28,100.87 1 0
github.com/xiaofengguo/web-doc/api/internal/storage/storage.go:100.87,101.12 1 0
github.com/xiaofengguo/web-doc/api/internal/storage/storage.go:103.3,103.27 1 0
github.com/xiaofengguo/web-doc/api/internal/storage/storage.go:103.27,104.12 1 0
github.com/xiaofengguo/web-doc/api/internal/storage/storage.go:106.3,106.24 1 0
github.com/xiaofengguo/web-doc/api/internal/storage/storage.go:106.24,107.12 1 0
github.com/xiaofengguo/web-doc/api/internal/storage/storage.go:109.3,110.17 2 0
github.com/xiaofengguo/web-doc/api/internal/storage/storage.go:110.17,111.12 1 0
github.com/xiaofengguo/web-doc/api/internal/storage/storage.go:113.3,113.64 1 0
github.com/xiaofengguo/web-doc/api/internal/storage/storage.go:113.64,115.4 1 0
github.com/xiaofengguo/web-doc/api/internal/storage/storage.go:116.3,117.17 2 0
github.com/xiaofengguo/web-doc/api/internal/storage/storage.go:117.17,119.4 1 0
github.com/xiaofengguo/web-doc/api/internal/storage/storage.go:120.3,121.17 2 0
github.com/xiaofengguo/web-doc/api/internal/storage/storage.go:121.17,124.4 2 0
github.com/xiaofengguo/web-doc/api/internal/storage/storage.go:125.3,125.45 1 0
github.com/xiaofengguo/web-doc/api/internal/storage/storage.go:125.45,129.4 3 0
github.com/xiaofengguo/web-doc/api/internal/storage/storage.go:130.3,134.59 4 0
github.com/xiaofengguo/web-doc/api/internal/storage/storage.go:134.59,136.4 1 0
github.com/xiaofengguo/web-doc/api/internal/storage/storage.go:138.2,138.22 1 0
github.com/xiaofengguo/web-doc/api/internal/storage/storage.go:142.54,144.16 2 0
github.com/xiaofengguo/web-doc/api/internal/storage/storage.go:144.16,146.3 1 0
github.com/xiaofengguo/web-doc/api/internal/storage/storage.go:147.2,148.36 2 0
github.com/xiaofengguo/web-doc/api/internal/storage/storage.go:152.49,154.2 1 0
github.com/xiaofengguo/web-doc/api/internal/storage/storage.go:157.47,159.88 2 0
github.com/xiaofengguo/web-doc/api/internal/storage/storage.go:159.88,160.49 1 0
github.com/xiaofengguo/web-doc/api/internal/storage/storage.go:160.49,162.4 1 0
github.com/xiaofengguo/web-doc/api/internal/storage/storage.go:163.3,163.13 1 0
github.com/xiaofengguo/web-doc/api/internal/storage/storage.go:165.2,165.13 1 0
github.com/xiaofengguo/web-doc/api/internal/storage/storage.go:169.61,172.79 3 0
github.com/xiaofengguo/web-doc/api/internal/storage/storage.go:172.79,173.33 1 0
github.com/xiaofengguo/web-doc/api/internal/storage/storage.go:173.33,175.4 1 0
github.com/xiaofengguo/web-doc/api/internal/storage/storage.go:176.3,178.13 3 0
github.com/xiaofengguo/web-doc/api/internal/storage/storage.go:180.2,180.17 1 0
github.com/xiaofengguo/web-doc/api/internal/storage/storage.go:183.33,185.15 2 0
github.com/xiaofengguo/web-doc/api/internal/storage/storage.go:185.15,187.3 1 0
github.com/xiaofengguo/web-doc/api/internal/storage/storage.go:188.2,188.24 1 0
github.com/xiaofengguo/web-doc/api/internal/watcher/util.go:5.50,5.71 1 0
github.com/xiaofengguo/web-doc/api/internal/watcher/watcher.go:23.40,25.16 2 0
github.com/xiaofengguo/web-doc/api/internal/watcher/watcher.go:25.16,27.3 1 0
github.com/xiaofengguo/web-doc/api/internal/watcher/watcher.go:28.2,37.15 4 0
github.com/xiaofengguo/web-doc/api/internal/watcher/watcher.go:41.39,43.2 1 0
github.com/xiaofengguo/web-doc/api/internal/watcher/watcher.go:46.51,50.26 4 0
github.com/xiaofengguo/web-doc/api/internal/watcher/watcher.go:50.26,52.3 1 0
github.com/xiaofengguo/web-doc/api/internal/watcher/watcher.go:53.2,54.11 2 0
github.com/xiaofengguo/web-doc/api/internal/watcher/watcher.go:57.57,60.32 3 0
github.com/xiaofengguo/web-doc/api/internal/watcher/watcher.go:60.32,63.18 3 0
github.com/xiaofengguo/web-doc/api/internal/watcher/watcher.go:63.18,65.4 1 0
github.com/xiaofengguo/web-doc/api/internal/watcher/watcher.go:69.46,72.32 3 0
github.com/xiaofengguo/web-doc/api/internal/watcher/watcher.go:72.32,73.10 1 0
github.com/xiaofengguo/web-doc/api/internal/watcher/watcher.go:74.20,74.20 0 0
github.com/xiaofengguo/web-doc/api/internal/watcher/watcher.go:75.11,75.11 0 0
github.com/xiaofengguo/web-doc/api/internal/watcher/watcher.go:80.21,81.6 1 0
github.com/xiaofengguo/web-doc/api/internal/watcher/watcher.go:81.6,82.10 1 0
github.com/xiaofengguo/web-doc/api/internal/watcher/watcher.go:83.37,84.11 1 0
github.com/xiaofengguo/web-doc/api/internal/watcher/watcher.go:84.11,86.5 1 0
github.com/xiaofengguo/web-doc/api/internal/watcher/watcher.go:87.4,87.21 1 0
github.com/xiaofengguo/web-doc/api/internal/watcher/watcher.go:88.38,89.11 1 0
github.com/xiaofengguo/web-doc/api/internal/watcher/watcher.go:89.11,91.5 1 0
github.com/xiaofengguo/web-doc/api/internal/watcher/watcher.go:92.4,92.42 1 0
github.com/xiaofengguo/web-doc/api/internal/watcher/watcher.go:97.46,100.48 2 0
github.com/xiaofengguo/web-doc/api/internal/watcher/watcher.go:100.48,102.3 1 0
github.com/xiaofengguo/web-doc/api/internal/watcher/watcher.go:103.2,104.58 2 0
github.com/xiaofengguo/web-doc/api/internal/watcher/watcher.go:104.58,106.3 1 0
github.com/xiaofengguo/web-doc/api/internal/watcher/watcher.go:107.2,110.32 2 0
github.com/xiaofengguo/web-doc/api/internal/watcher/watcher.go:110.32,111.69 1 0
github.com/xiaofengguo/web-doc/api/internal/watcher/watcher.go:111.69,113.4 1 0
github.com/xiaofengguo/web-doc/api/internal/watcher/watcher.go:117.2,119.36 3 0
github.com/xiaofengguo/web-doc/api/internal/watcher/watcher.go:119.36,121.3 1 0
github.com/xiaofengguo/web-doc/api/internal/watcher/watcher.go:122.2,122.66 1 0
github.com/xiaofengguo/web-doc/api/internal/watcher/watcher.go:122.66,124.3 1 0
github.com/xiaofengguo/web-doc/api/internal/ai/ai.go:82.26,83.41 1 0
github.com/xiaofengguo/web-doc/api/internal/ai/ai.go:83.41,85.3 1 0
github.com/xiaofengguo/web-doc/api/internal/ai/ai.go:86.2,86.39 1 0
github.com/xiaofengguo/web-doc/api/internal/ai/ai.go:86.39,88.3 1 0
github.com/xiaofengguo/web-doc/api/internal/ai/ai.go:90.2,92.15 3 0
github.com/xiaofengguo/web-doc/api/internal/ai/ai.go:92.15,94.3 1 0
github.com/xiaofengguo/web-doc/api/internal/ai/ai.go:95.2,96.17 2 0
github.com/xiaofengguo/web-doc/api/internal/ai/ai.go:96.17,98.3 1 0
github.com/xiaofengguo/web-doc/api/internal/ai/ai.go:100.2,107.20 2 0
github.com/xiaofengguo/web-doc/api/internal/ai/ai.go:107.20,110.3 2 0
github.com/xiaofengguo/web-doc/api/internal/ai/ai.go:111.2,112.16 2 0
github.com/xiaofengguo/web-doc/api/internal/ai/ai.go:112.16,114.3 1 0
github.com/xiaofengguo/web-doc/api/internal/ai/ai.go:116.2,117.16 2 0
github.com/xiaofengguo/web-doc/api/internal/ai/ai.go:117.16,119.3 1 0
github.com/xiaofengguo/web-doc/api/internal/ai/ai.go:120.2,122.21 3 0
github.com/xiaofengguo/web-doc/api/internal/ai/ai.go:122.21,124.3 1 0
github.com/xiaofengguo/web-doc/api/internal/ai/ai.go:126.2,128.16 3 0
github.com/xiaofengguo/web-doc/api/internal/ai/ai.go:128.16,130.3 1 0
github.com/xiaofengguo/web-doc/api/internal/ai/ai.go:131.2,133.28 2 0
github.com/xiaofengguo/web-doc/api/internal/ai/ai.go:133.28,136.3 2 0
github.com/xiaofengguo/web-doc/api/internal/ai/ai.go:138.2,146.6 3 0
github.com/xiaofengguo/web-doc/api/internal/ai/ai.go:146.6,147.10 1 0
github.com/xiaofengguo/web-doc/api/internal/ai/ai.go:148.21,149.65 1 0
github.com/xiaofengguo/web-doc/api/internal/ai/ai.go:150.11,150.11 0 0
github.com/xiaofengguo/web-doc/api/internal/ai/ai.go:152.3,153.17 2 0
github.com/xiaofengguo/web-doc/api/internal/ai/ai.go:153.17,154.30 1 0
github.com/xiaofengguo/web-doc/api/internal/ai/ai.go:154.30,155.10 1 0
github.com/xiaofengguo/web-doc/api/internal/ai/ai.go:157.4,157.19 1 0
github.com/xiaofengguo/web-doc/api/internal/ai/ai.go:159.3,160.54 2 0
github.com/xiaofengguo/web-doc/api/internal/ai/ai.go:160.54,161.12 1 0
github.com/xiaofengguo/web-doc/api/internal/ai/ai.go:163.3,164.23 2 0
github.com/xiaofengguo/web-doc/api/internal/ai/ai.go:164.23,165.9 1 0
github.com/xiaofengguo/web-doc/api/internal/ai/ai.go:169.3,186.62 2 0
github.com/xiaofengguo/web-doc/api/internal/ai/ai.go:186.62,187.12 1 0
github.com/xiaofengguo/web-doc/api/internal/ai/ai.go:189.3,189.30 1 0
github.com/xiaofengguo/web-doc/api/internal/ai/ai.go:189.30,190.12 1 0
github.com/xiaofengguo/web-doc/api/internal/ai/ai.go:192.3,194.29 2 0
github.com/xiaofengguo/web-doc/api/internal/ai/ai.go:194.29,196.32 2 0
github.com/xiaofengguo/web-doc/api/internal/ai/ai.go:196.32,198.5 1 0
github.com/xiaofengguo/web-doc/api/internal/ai/ai.go:201.3,201.42 1 0
github.com/xiaofengguo/web-doc/api/internal/ai/ai.go:201.42,203.11 2 0
github.com/xiaofengguo/web-doc/api/internal/ai/ai.go:203.11,206.5 2 0
github.com/xiaofengguo/web-doc/api/internal/ai/ai.go:207.4,207.20 1 0
github.com/xiaofengguo/web-doc/api/internal/ai/ai.go:207.20,209.5 1 0
github.com/xiaofengguo/web-doc/api/internal/ai/ai.go:210.4,210.22 1 0
github.com/xiaofengguo/web-doc/api/internal/ai/ai.go:210.22,212.5 1 0
github.com/xiaofengguo/web-doc/api/internal/ai/ai.go:213.4,213.31 1 0
github.com/xiaofengguo/web-doc/api/internal/ai/ai.go:213.31,215.5 1 0
github.com/xiaofengguo/web-doc/api/internal/ai/ai.go:216.4,216.36 1 0
github.com/xiaofengguo/web-doc/api/internal/ai/ai.go:216.36,218.5 1 0
github.com/xiaofengguo/web-doc/api/internal/ai/ai.go:220.4,220.55 1 0
github.com/xiaofengguo/web-doc/api/internal/ai/ai.go:220.55,222.34 2 0
github.com/xiaofengguo/web-doc/api/internal/ai/ai.go:222.34,224.6 1 0
github.com/xiaofengguo/web-doc/api/internal/ai/ai.go:226.4,226.64 1 0
github.com/xiaofengguo/web-doc/api/internal/ai/ai.go:226.64,228.5 1 0
github.com/xiaofengguo/web-doc/api/internal/ai/ai.go:231.3,231.57 1 0
github.com/xiaofengguo/web-doc/api/internal/ai/ai.go:231.57,233.4 1 0
github.com/xiaofengguo/web-doc/api/internal/ai/ai.go:237.2,238.32 2 0
github.com/xiaofengguo/web-doc/api/internal/ai/ai.go:238.32,240.3 1 0
github.com/xiaofengguo/web-doc/api/internal/ai/ai.go:242.2,242.36 1 0
github.com/xiaofengguo/web-doc/api/internal/ai/ai.go:242.36,243.41 1 0
github.com/xiaofengguo/web-doc/api/internal/ai/ai.go:243.41,244.31 1 0
github.com/xiaofengguo/web-doc/api/internal/ai/ai.go:244.31,246.5 1 0
github.com/xiaofengguo/web-doc/api/internal/ai/ai.go:249.2,250.30 2 0
github.com/xiaofengguo/web-doc/api/internal/ai/ai.go:250.30,253.18 2 0
github.com/xiaofengguo/web-doc/api/internal/ai/ai.go:253.18,255.4 1 0
github.com/xiaofengguo/web-doc/api/internal/ai/ai.go:256.3,256.20 1 0
github.com/xiaofengguo/web-doc/api/internal/ai/ai.go:256.20,258.4 1 0
github.com/xiaofengguo/web-doc/api/internal/ai/ai.go:259.3,259.29 1 0
github.com/xiaofengguo/web-doc/api/internal/ai/ai.go:262.2,262.24 1 0
github.com/xiaofengguo/web-doc/api/internal/ai/ai.go:262.24,264.3 1 0
github.com/xiaofengguo/web-doc/api/internal/ai/ai.go:265.2,269.8 1 0
github.com/xiaofengguo/web-doc/api/internal/ai/ai.go:276.37,277.62 1 0
github.com/xiaofengguo/web-doc/api/internal/ai/ai.go:277.62,278.45 1 0
github.com/xiaofengguo/web-doc/api/internal/ai/ai.go:278.45,280.52 2 0
github.com/xiaofengguo/web-doc/api/internal/ai/ai.go:280.52,282.5 1 0
github.com/xiaofengguo/web-doc/api/internal/ai/ai.go:283.4,283.47 1 0
github.com/xiaofengguo/web-doc/api/internal/ai/ai.go:283.47,285.5 1 0
github.com/xiaofengguo/web-doc/api/internal/ai/ai.go:288.2,289.56 2 0
github.com/xiaofengguo/web-doc/api/internal/ai/ai.go:289.56,290.45 1 0
github.com/xiaofengguo/web-doc/api/internal/ai/ai.go:290.45,292.4 1 0
github.com/xiaofengguo/web-doc/api/internal/ai/ai.go:294.2,294.31 1 0
github.com/xiaofengguo/web-doc/api/internal/ai/ai.go:298.38,300.74 2 0
github.com/xiaofengguo/web-doc/api/internal/ai/ai.go:300.74,302.3 1 0
github.com/xiaofengguo/web-doc/api/internal/ai/ai.go:303.2,313.9 1 0
github.com/xiaofengguo/web-doc/api/internal/ai/ai.go:316.39,317.17 1 0
github.com/xiaofengguo/web-doc/api/internal/ai/ai.go:317.17,319.3 1 0
github.com/xiaofengguo/web-doc/api/internal/ai/ai.go:320.2,320.22 1 0
github.com/xiaofengguo/web-doc/api/internal/ai/ai.go:366.28,443.2 1 0
github.com/xiaofengguo/web-doc/api/internal/auth/auth.go:26.49,28.16 2 0
github.com/xiaofengguo/web-doc/api/internal/auth/auth.go:28.16,30.3 1 0
github.com/xiaofengguo/web-doc/api/internal/auth/auth.go:31.2,31.23 1 0
github.com/xiaofengguo/web-doc/api/internal/auth/auth.go:35.45,37.2 1 0
github.com/xiaofengguo/web-doc/api/internal/auth/auth.go:40.76,41.16 1 0
github.com/xiaofengguo/web-doc/api/internal/auth/auth.go:41.16,43.3 1 0
github.com/xiaofengguo/web-doc/api/internal/auth/auth.go:44.2,44.16 1 0
github.com/xiaofengguo/web-doc/api/internal/auth/auth.go:44.16,46.3 1 0
github.com/xiaofengguo/web-doc/api/internal/auth/auth.go:47.2,54.33 8 0
github.com/xiaofengguo/web-doc/api/internal/auth/auth.go:58.60,60.21 2 0
github.com/xiaofengguo/web-doc/api/internal/auth/auth.go:60.21,62.3 1 0
github.com/xiaofengguo/web-doc/api/internal/auth/auth.go:63.2,65.53 3 0
github.com/xiaofengguo/web-doc/api/internal/auth/auth.go:65.53,67.3 1 0
github.com/xiaofengguo/web-doc/api/internal/auth/auth.go:68.2,69.16 2 0
github.com/xiaofengguo/web-doc/api/internal/auth/auth.go:69.16,71.3 1 0
github.com/xiaofengguo/web-doc/api/internal/auth/auth.go:72.2,73.47 2 0
github.com/xiaofengguo/web-doc/api/internal/auth/auth.go:73.47,75.3 1 0
github.com/xiaofengguo/web-doc/api/internal/auth/auth.go:76.2,76.44 1 0
github.com/xiaofengguo/web-doc/api/internal/auth/auth.go:76.44,78.3 1 0
github.com/xiaofengguo/web-doc/api/internal/auth/auth.go:79.2,79.16 1 0
github.com/xiaofengguo/web-doc/api/internal/auth/auth.go:82.39,86.2 3 0
github.com/xiaofengguo/web-doc/api/internal/auth/auth.go:88.27,88.77 1 0
github.com/xiaofengguo/web-doc/api/internal/handler/ai_reorder.go:24.49,27.25 3 0
github.com/xiaofengguo/web-doc/api/internal/handler/ai_reorder.go:27.25,29.3 1 0
github.com/xiaofengguo/web-doc/api/internal/handler/ai_reorder.go:30.2,31.76 2 0
github.com/xiaofengguo/web-doc/api/internal/handler/ai_reorder.go:34.57,36.58 2 0
github.com/xiaofengguo/web-doc/api/internal/handler/ai_reorder.go:36.58,49.3 1 0
github.com/xiaofengguo/web-doc/api/internal/handler/ai_reorder.go:51.2,51.32 1 0
github.com/xiaofengguo/web-doc/api/internal/handler/ai_reorder.go:51.32,52.27 1 0
github.com/xiaofengguo/web-doc/api/internal/handler/ai_reorder.go:52.27,54.4 1 0
github.com/xiaofengguo/web-doc/api/internal/handler/ai_reorder.go:54.9,56.4 1 0
github.com/xiaofengguo/web-doc/api/internal/handler/ai_reorder.go:58.2,58.30 1 0
github.com/xiaofengguo/web-doc/api/internal/handler/ai_reorder.go:58.30,60.3 1 0
github.com/xiaofengguo/web-doc/api/internal/handler/ai_reorder.go:61.2,61.26 1 0
github.com/xiaofengguo/web-doc/api/internal/handler/ai_reorder.go:61.26,63.3 1 0
github.com/xiaofengguo/web-doc/api/internal/handler/ai_reorder.go:64.2,64.10 1 0
github.com/xiaofengguo/web-doc/api/internal/handler/ai_reorder.go:81.52,83.47 2 0
github.com/xiaofengguo/web-doc/api/internal/handler/ai_reorder.go:83.47,86.3 2 0
github.com/xiaofengguo/web-doc/api/internal/handler/ai_reorder.go:87.2,88.58 2 0
github.com/xiaofengguo/web-doc/api/internal/handler/ai_reorder.go:88.58,90.3 1 0
github.com/xiaofengguo/web-doc/api/internal/handler/ai_reorder.go:91.2,91.25 1 0
github.com/xiaofengguo/web-doc/api/internal/handler/ai_reorder.go:91.25,93.3 1 0
github.com/xiaofengguo/web-doc/api/internal/handler/ai_reorder.go:94.2,94.24 1 0
github.com/xiaofengguo/web-doc/api/internal/handler/ai_reorder.go:94.24,96.3 1 0
github.com/xiaofengguo/web-doc/api/internal/handler/ai_reorder.go:97.2,97.85 1 0
github.com/xiaofengguo/web-doc/api/internal/handler/ai_reorder.go:97.85,99.3 1 0
github.com/xiaofengguo/web-doc/api/internal/handler/ai_reorder.go:100.2,100.22 1 0
github.com/xiaofengguo/web-doc/api/internal/handler/ai_reorder.go:100.22,102.3 1 0
github.com/xiaofengguo/web-doc/api/internal/handler/ai_reorder.go:103.2,103.29 1 0
github.com/xiaofengguo/web-doc/api/internal/handler/ai_reorder.go:103.29,105.3 1 0
github.com/xiaofengguo/web-doc/api/internal/handler/ai_reorder.go:106.2,106.35 1 0
github.com/xiaofengguo/web-doc/api/internal/handler/ai_reorder.go:106.35,108.3 1 0
github.com/xiaofengguo/web-doc/api/internal/handler/ai_reorder.go:109.2,109.33 1 0
github.com/xiaofengguo/web-doc/api/internal/handler/ai_reorder.go:109.33,111.3 1 0
github.com/xiaofengguo/web-doc/api/internal/handler/ai_reorder.go:112.2,112.28 1 0
github.com/xiaofengguo/web-doc/api/internal/handler/ai_reorder.go:112.28,115.3 2 0
github.com/xiaofengguo/web-doc/api/internal/handler/ai_reorder.go:116.2,116.30 1 0
github.com/xiaofengguo/web-doc/api/internal/handler/ai_reorder.go:116.30,118.3 1 0
github.com/xiaofengguo/web-doc/api/internal/handler/ai_reorder.go:119.2,119.28 1 0
github.com/xiaofengguo/web-doc/api/internal/handler/ai_reorder.go:119.28,121.3 1 0
github.com/xiaofengguo/web-doc/api/internal/handler/ai_reorder.go:122.2,122.26 1 0
github.com/xiaofengguo/web-doc/api/internal/handler/ai_reorder.go:122.26,124.3 1 0
github.com/xiaofengguo/web-doc/api/internal/handler/ai_reorder.go:125.2,126.44 2 0
github.com/xiaofengguo/web-doc/api/internal/handler/ai_reorder.go:126.44,129.3 2 0
github.com/xiaofengguo/web-doc/api/internal/handler/ai_reorder.go:130.2,131.25 2 0
github.com/xiaofengguo/web-doc/api/internal/handler/ai_reorder.go:131.25,133.3 1 0
github.com/xiaofengguo/web-doc/api/internal/handler/ai_reorder.go:134.2,134.31 1 0
github.com/xiaofengguo/web-doc/api/internal/handler/ai_reorder.go:137.31,138.17 1 0
github.com/xiaofengguo/web-doc/api/internal/handler/ai_reorder.go:138.17,140.3 1 0
github.com/xiaofengguo/web-doc/api/internal/handler/ai_reorder.go:141.2,141.56 1 0
github.com/xiaofengguo/web-doc/api/internal/handler/ai_reorder.go:146.47,149.17 3 0
github.com/xiaofengguo/web-doc/api/internal/handler/ai_reorder.go:149.17,151.3 1 0
github.com/xiaofengguo/web-doc/api/internal/handler/ai_reorder.go:152.2,153.44 2 0
github.com/xiaofengguo/web-doc/api/internal/handler/ai_reorder.go:153.44,156.3 2 0
github.com/xiaofengguo/web-doc/api/internal/handler/ai_reorder.go:157.2,157.45 1 0
github.com/xiaofengguo/web-doc/api/internal/handler/ai_reorder.go:167.48,169.47 2 0
github.com/xiaofengguo/web-doc/api/internal/handler/ai_reorder.go:169.47,172.3 2 0
github.com/xiaofengguo/web-doc/api/internal/handler/ai_reorder.go:173.2,173.79 1 0
github.com/xiaofengguo/web-doc/api/internal/handler/ai_reorder.go:173.79,176.3 2 0
github.com/xiaofengguo/web-doc/api/internal/handler/ai_reorder.go:177.2,177.50 1 0
github.com/xiaofengguo/web-doc/api/internal/handler/ai_reorder.go:177.50,179.3 1 0
github.com/xiaofengguo/web-doc/api/internal/handler/ai_reorder.go:180.2,190.19 2 0
github.com/xiaofengguo/web-doc/api/internal/handler/ai_reorder.go:190.19,193.3 1 0
github.com/xiaofengguo/web-doc/api/internal/handler/ai_reorder.go:194.2,194.46 1 0
github.com/xiaofengguo/web-doc/api/internal/handler/ai_reorder.go:194.46,197.3 2 0
github.com/xiaofengguo/web-doc/api/internal/handler/ai_reorder.go:198.2,198.26 1 0
github.com/xiaofengguo/web-doc/api/internal/handler/ai_reorder.go:201.48,204.59 3 0
github.com/xiaofengguo/web-doc/api/internal/handler/ai_reorder.go:204.59,207.3 2 0
github.com/xiaofengguo/web-doc/api/internal/handler/ai_reorder.go:208.2,209.47 2 0
github.com/xiaofengguo/web-doc/api/internal/handler/ai_reorder.go:209.47,212.3 2 0
github.com/xiaofengguo/web-doc/api/internal/handler/ai_reorder.go:214.2,214.20 1 0
github.com/xiaofengguo/web-doc/api/internal/handler/ai_reorder.go:214.20,216.3 1 0
github.com/xiaofengguo/web-doc/api/internal/handler/ai_reorder.go:217.2,217.85 1 0
github.com/xiaofengguo/web-doc/api/internal/handler/ai_reorder.go:217.85,219.3 1 0
github.com/xiaofengguo/web-doc/api/internal/handler/ai_reorder.go:220.2,220.23 1 0
github.com/xiaofengguo/web-doc/api/internal/handler/ai_reorder.go:220.23,222.3 1 0
github.com/xiaofengguo/web-doc/api/internal/handler/ai_reorder.go:223.2,223.19 1 0
github.com/xiaofengguo/web-doc/api/internal/handler/ai_reorder.go:223.19,226.3 2 0
github.com/xiaofengguo/web-doc/api/internal/handler/ai_reorder.go:226.8,228.3 1 0
github.com/xiaofengguo/web-doc/api/internal/handler/ai_reorder.go:229.2,230.44 2 0
github.com/xiaofengguo/web-doc/api/internal/handler/ai_reorder.go:230.44,233.3 2 0
github.com/xiaofengguo/web-doc/api/internal/handler/ai_reorder.go:234.2,234.26 1 0
github.com/xiaofengguo/web-doc/api/internal/handler/ai_reorder.go:237.48,240.59 3 0
github.com/xiaofengguo/web-doc/api/internal/handler/ai_reorder.go:240.59,243.3 2 0
github.com/xiaofengguo/web-doc/api/internal/handler/ai_reorder.go:244.2,244.15 1 0
github.com/xiaofengguo/web-doc/api/internal/handler/ai_reorder.go:244.15,247.3 2 0
github.com/xiaofengguo/web-doc/api/internal/handler/ai_reorder.go:248.2,248.46 1 0
github.com/xiaofengguo/web-doc/api/internal/handler/ai_reorder.go:248.46,251.3 2 0
github.com/xiaofengguo/web-doc/api/internal/handler/ai_reorder.go:252.2,252.42 1 0
github.com/xiaofengguo/web-doc/api/internal/handler/ai_reorder.go:275.46,277.47 2 0
github.com/xiaofengguo/web-doc/api/internal/handler/ai_reorder.go:277.47,280.3 2 0
github.com/xiaofengguo/web-doc/api/internal/handler/ai_reorder.go:281.2,282.22 2 0
github.com/xiaofengguo/web-doc/api/internal/handler/ai_reorder.go:282.22,285.3 2 0
github.com/xiaofengguo/web-doc/api/internal/handler/ai_reorder.go:287.2,288.56 2 0
github.com/xiaofengguo/web-doc/api/internal/handler/ai_reorder.go:288.56,291.3 2 0
github.com/xiaofengguo/web-doc/api/internal/handler/ai_reorder.go:294.2,295.24 2 0
github.com/xiaofengguo/web-doc/api/internal/handler/ai_reorder.go:295.24,297.70 2 0
github.com/xiaofengguo/web-doc/api/internal/handler/ai_reorder.go:297.70,299.4 1 0
github.com/xiaofengguo/web-doc/api/internal/handler/ai_reorder.go:301.2,301.24 1 0
github.com/xiaofengguo/web-doc/api/internal/handler/ai_reorder.go:301.24,302.19 1 0
github.com/xiaofengguo/web-doc/api/internal/handler/ai_reorder.go:303.15,304.37 1 0
github.com/xiaofengguo/web-doc/api/internal/handler/ai_reorder.go:305.11,306.39 1 0
github.com/xiaofengguo/web-doc/api/internal/handler/ai_reorder.go:314.2,315.21 2 0
github.com/xiaofengguo/web-doc/api/internal/handler/ai_reorder.go:315.21,316.89 1 0
github.com/xiaofengguo/web-doc/api/internal/handler/ai_reorder.go:316.89,319.4 2 0
github.com/xiaofengguo/web-doc/api/internal/handler/ai_reorder.go:320.8,320.56 1 0
github.com/xiaofengguo/web-doc/api/internal/handler/ai_reorder.go:320.56,323.3 2 0
github.com/xiaofengguo/web-doc/api/internal/handler/ai_reorder.go:323.8,325.18 2 0
github.com/xiaofengguo/web-doc/api/internal/handler/ai_reorder.go:325.18,327.4 1 0
github.com/xiaofengguo/web-doc/api/internal/handler/ai_reorder.go:328.3,336.121 2 0
github.com/xiaofengguo/web-doc/api/internal/handler/ai_reorder.go:336.121,339.4 2 0
github.com/xiaofengguo/web-doc/api/internal/handler/ai_reorder.go:340.3,341.52 2 0
github.com/xiaofengguo/web-doc/api/internal/handler/ai_reorder.go:341.52,344.4 2 0
github.com/xiaofengguo/web-doc/api/internal/handler/ai_reorder.go:348.2,349.26 2 0
github.com/xiaofengguo/web-doc/api/internal/handler/ai_reorder.go:349.26,351.3 1 0
github.com/xiaofengguo/web-doc/api/internal/handler/ai_reorder.go:352.2,352.25 1 0
github.com/xiaofengguo/web-doc/api/internal/handler/ai_reorder.go:352.25,354.3 1 0
github.com/xiaofengguo/web-doc/api/internal/handler/ai_reorder.go:357.2,359.14 2 0
github.com/xiaofengguo/web-doc/api/internal/handler/ai_reorder.go:359.14,364.3 3 0
github.com/xiaofengguo/web-doc/api/internal/handler/ai_reorder.go:364.8,364.31 1 0
github.com/xiaofengguo/web-doc/api/internal/handler/ai_reorder.go:364.31,368.49 3 0
github.com/xiaofengguo/web-doc/api/internal/handler/ai_reorder.go:368.49,370.4 1 0
github.com/xiaofengguo/web-doc/api/internal/handler/ai_reorder.go:371.3,373.82 2 0
github.com/xiaofengguo/web-doc/api/internal/handler/ai_reorder.go:374.8,376.3 1 0
github.com/xiaofengguo/web-doc/api/internal/handler/ai_reorder.go:378.2,387.20 3 0
github.com/xiaofengguo/web-doc/api/internal/handler/ai_reorder.go:387.20,389.3 1 0
github.com/xiaofengguo/web-doc/api/internal/handler/ai_reorder.go:392.2,399.9 7 0
github.com/xiaofengguo/web-doc/api/internal/handler/ai_reorder.go:399.9,402.3 2 0
github.com/xiaofengguo/web-doc/api/internal/handler/ai_reorder.go:405.2,407.45 3 0
github.com/xiaofengguo/web-doc/api/internal/handler/ai_reorder.go:407.45,414.3 6 0
github.com/xiaofengguo/web-doc/api/internal/handler/ai_reorder.go:416.2,421.14 4 0
github.com/xiaofengguo/web-doc/api/internal/handler/ai_reorder.go:421.14,423.3 1 0
github.com/xiaofengguo/web-doc/api/internal/handler/ai_reorder.go:423.8,425.3 1 0
github.com/xiaofengguo/web-doc/api/internal/handler/ai_reorder.go:428.2,431.74 3 0
github.com/xiaofengguo/web-doc/api/internal/handler/ai_reorder.go:441.3,447.34 2 0
github.com/xiaofengguo/web-doc/api/internal/handler/ai_reorder.go:447.34,450.21 3 0
github.com/xiaofengguo/web-doc/api/internal/handler/ai_reorder.go:450.21,452.4 1 0
github.com/xiaofengguo/web-doc/api/internal/handler/ai_reorder.go:453.3,453.61 1 0
github.com/xiaofengguo/web-doc/api/internal/handler/ai_reorder.go:453.61,455.4 1 0
github.com/xiaofengguo/web-doc/api/internal/handler/ai_reorder.go:456.3,460.17 5 0
github.com/xiaofengguo/web-doc/api/internal/handler/ai_reorder.go:460.17,463.4 2 0
github.com/xiaofengguo/web-doc/api/internal/handler/ai_reorder.go:466.2,467.38 1 0
github.com/xiaofengguo/web-doc/api/internal/handler/ai_reorder.go:467.38,473.4 5 0
github.com/xiaofengguo/web-doc/api/internal/handler/ai_reorder.go:475.2,475.16 1 0
github.com/xiaofengguo/web-doc/api/internal/handler/ai_reorder.go:475.16,478.3 2 0
github.com/xiaofengguo/web-doc/api/internal/handler/ai_reorder.go:479.2,479.19 1 0
github.com/xiaofengguo/web-doc/api/internal/handler/ai_reorder.go:490.3,493.46 2 0
github.com/xiaofengguo/web-doc/api/internal/handler/ai_reorder.go:493.46,494.10 1 0
github.com/xiaofengguo/web-doc/api/internal/handler/ai_reorder.go:495.21,497.10 2 0
github.com/xiaofengguo/web-doc/api/internal/handler/ai_reorder.go:498.11,498.11 0 0
github.com/xiaofengguo/web-doc/api/internal/handler/ai_reorder.go:501.3,502.39 1 0
github.com/xiaofengguo/web-doc/api/internal/handler/ai_reorder.go:502.39,504.5 1 0
github.com/xiaofengguo/web-doc/api/internal/handler/ai_reorder.go:505.54,507.5 1 0
github.com/xiaofengguo/web-doc/api/internal/handler/ai_reorder.go:508.54,510.5 1 0
github.com/xiaofengguo/web-doc/api/internal/handler/ai_reorder.go:512.3,512.17 1 0
github.com/xiaofengguo/web-doc/api/internal/handler/ai_reorder.go:512.17,515.4 2 0
github.com/xiaofengguo/web-doc/api/internal/handler/ai_reorder.go:518.3,528.33 4 0
github.com/xiaofengguo/web-doc/api/internal/handler/ai_reorder.go:528.33,530.4 1 0
github.com/xiaofengguo/web-doc/api/internal/handler/ai_reorder.go:533.3,533.39 1 0
github.com/xiaofengguo/web-doc/api/internal/handler/ai_reorder.go:533.39,538.21 5 0
github.com/xiaofengguo/web-doc/api/internal/handler/ai_reorder.go:538.21,541.5 2 0
github.com/xiaofengguo/web-doc/api/internal/handler/ai_reorder.go:542.4,556.6 2 0
github.com/xiaofengguo/web-doc/api/internal/handler/ai_reorder.go:559.2,559.100 1 0
github.com/xiaofengguo/web-doc/api/internal/handler/ai_reorder.go:564.91,567.19 3 0
github.com/xiaofengguo/web-doc/api/internal/handler/ai_reorder.go:567.19,569.3 1 0
github.com/xiaofengguo/web-doc/api/internal/handler/ai_reorder.go:571.2,571.14 1 0
github.com/xiaofengguo/web-doc/api/internal/handler/ai_reorder.go:572.20,574.17 2 0
github.com/xiaofengguo/web-doc/api/internal/handler/ai_reorder.go:574.17,576.4 1 0
github.com/xiaofengguo/web-doc/api/internal/handler/ai_reorder.go:577.3,578.74 2 0
github.com/xiaofengguo/web-doc/api/internal/handler/ai_reorder.go:580.19,584.64 2 0
github.com/xiaofengguo/web-doc/api/internal/handler/ai_reorder.go:584.64,586.4 1 0
github.com/xiaofengguo/web-doc/api/internal/handler/ai_reorder.go:587.3,587.22 1 0
github.com/xiaofengguo/web-doc/api/internal/handler/ai_reorder.go:587.22,589.4 1 0
github.com/xiaofengguo/web-doc/api/internal/handler/ai_reorder.go:590.3,591.17 2 0
github.com/xiaofengguo/web-doc/api/internal/handler/ai_reorder.go:591.17,593.4 1 0
github.com/xiaofengguo/web-doc/api/internal/handler/ai_reorder.go:594.3,595.17 2 0
github.com/xiaofengguo/web-doc/api/internal/handler/ai_reorder.go:595.17,597.4 1 0
github.com/xiaofengguo/web-doc/api/internal/handler/ai_reorder.go:599.3,602.29 4 0
github.com/xiaofengguo/web-doc/api/internal/handler/ai_reorder.go:602.29,605.4 2 0
github.com/xiaofengguo/web-doc/api/internal/handler/ai_reorder.go:606.3,612.88 2 0
github.com/xiaofengguo/web-doc/api/internal/handler/ai_reorder.go:614.20,619.64 2 0
github.com/xiaofengguo/web-doc/api/internal/handler/ai_reorder.go:619.64,621.4 1 0
github.com/xiaofengguo/web-doc/api/internal/handler/ai_reorder.go:622.3,622.22 1 0
github.com/xiaofengguo/web-doc/api/internal/handler/ai_reorder.go:622.22,624.4 1 0
github.com/xiaofengguo/web-doc/api/internal/handler/ai_reorder.go:625.3,625.89 1 0
github.com/xiaofengguo/web-doc/api/internal/handler/ai_reorder.go:625.89,627.4 1 0
github.com/xiaofengguo/web-doc/api/internal/handler/ai_reorder.go:628.3,629.96 2 0
github.com/xiaofengguo/web-doc/api/internal/handler/ai_reorder.go:631.25,637.64 2 0
github.com/xiaofengguo/web-doc/api/internal/handler/ai_reorder.go:637.64,639.4 1 0
github.com/xiaofengguo/web-doc/api/internal/handler/ai_reorder.go:640.3,640.46 1 0
github.com/xiaofengguo/web-doc/api/internal/handler/ai_reorder.go:640.46,642.4 1 0
github.com/xiaofengguo/web-doc/api/internal/handler/ai_reorder.go:643.3,644.17 2 0
github.com/xiaofengguo/web-doc/api/internal/handler/ai_reorder.go:644.17,646.4 1 0
github.com/xiaofengguo/web-doc/api/internal/handler/ai_reorder.go:647.3,648.17 2 0
github.com/xiaofengguo/web-doc/api/internal/handler/ai_reorder.go:648.17,650.4 1 0
github.com/xiaofengguo/web-doc/api/internal/handler/ai_reorder.go:651.3,653.17 3 0
github.com/xiaofengguo/web-doc/api/internal/handler/ai_reorder.go:653.17,656.4 1 0
github.com/xiaofengguo/web-doc/api/internal/handler/ai_reorder.go:657.3,657.16 1 0
github.com/xiaofengguo/web-doc/api/internal/handler/ai_reorder.go:657.16,660.4 1 0
github.com/xiaofengguo/web-doc/api/internal/handler/ai_reorder.go:661.3,662.87 2 0
github.com/xiaofengguo/web-doc/api/internal/handler/ai_reorder.go:662.87,664.4 1 0
github.com/xiaofengguo/web-doc/api/internal/handler/ai_reorder.go:665.3,669.123 2 0
github.com/xiaofengguo/web-doc/api/internal/handler/ai_reorder.go:671.2,671.65 1 0
github.com/xiaofengguo/web-doc/api/internal/handler/ai_reorder.go:675.65,681.26 6 0
github.com/xiaofengguo/web-doc/api/internal/handler/ai_reorder.go:681.26,683.3 1 0
github.com/xiaofengguo/web-doc/api/internal/handler/ai_reorder.go:684.2,685.19 2 0
github.com/xiaofengguo/web-doc/api/internal/handler/ai_reorder.go:696.48,700.47 2 0
github.com/xiaofengguo/web-doc/api/internal/handler/ai_reorder.go:700.47,703.3 2 0
github.com/xiaofengguo/web-doc/api/internal/handler/ai_reorder.go:704.2,705.31 2 0
github.com/xiaofengguo/web-doc/api/internal/handler/ai_reorder.go:705.31,707.47 2 0
github.com/xiaofengguo/web-doc/api/internal/handler/ai_reorder.go:707.47,710.4 2 0
github.com/xiaofengguo/web-doc/api/internal/handler/ai_reorder.go:711.3,711.82 1 0
github.com/xiaofengguo/web-doc/api/internal/handler/ai_reorder.go:711.82,715.4 3 0
github.com/xiaofengguo/web-doc/api/internal/handler/ai_reorder.go:716.3,717.97 1 0
github.com/xiaofengguo/web-doc/api/internal/handler/ai_reorder.go:717.97,721.4 3 0
github.com/xiaofengguo/web-doc/api/internal/handler/ai_reorder.go:723.2,723.42 1 0
github.com/xiaofengguo/web-doc/api/internal/handler/ai_reorder.go:723.42,726.3 2 0
github.com/xiaofengguo/web-doc/api/internal/handler/ai_reorder.go:727.2,727.42 1 0
github.com/xiaofengguo/web-doc/api/internal/handler/ai_reorder.go:730.65,732.27 2 0
github.com/xiaofengguo/web-doc/api/internal/handler/ai_reorder.go:732.27,734.85 2 0
github.com/xiaofengguo/web-doc/api/internal/handler/ai_reorder.go:734.85,736.4 1 0
github.com/xiaofengguo/web-doc/api/internal/handler/ai_reorder.go:737.3,737.24 1 0
github.com/xiaofengguo/web-doc/api/internal/handler/ai_reorder.go:737.24,739.4 1 0
github.com/xiaofengguo/web-doc/api/internal/handler/ai_reorder.go:740.3,740.30 1 0
github.com/xiaofengguo/web-doc/api/internal/handler/ai_reorder.go:740.30,742.4 1 0
github.com/xiaofengguo/web-doc/api/internal/handler/ai_reorder.go:743.3,743.24 1 0
github.com/xiaofengguo/web-doc/api/internal/handler/ai_reorder.go:745.2,745.14 1 0
github.com/xiaofengguo/web-doc/api/internal/handler/ai_reorder.go:755.44,758.76 3 0
github.com/xiaofengguo/web-doc/api/internal/handler/ai_reorder.go:758.76,761.3 2 0
github.com/xiaofengguo/web-doc/api/internal/handler/ai_reorder.go:762.2,763.47 2 0
github.com/xiaofengguo/web-doc/api/internal/handler/ai_reorder.go:763.47,766.3 2 0
github.com/xiaofengguo/web-doc/api/internal/handler/ai_reorder.go:767.2,767.20 1 0
github.com/xiaofengguo/web-doc/api/internal/handler/ai_reorder.go:767.20,769.3 1 0
github.com/xiaofengguo/web-doc/api/internal/handler/ai_reorder.go:770.2,770.79 1 0
github.com/xiaofengguo/web-doc/api/internal/handler/ai_reorder.go:770.79,773.3 2 0
github.com/xiaofengguo/web-doc/api/internal/handler/ai_reorder.go:774.2,776.81 3 0
github.com/xiaofengguo/web-doc/api/internal/handler/ai_reorder.go:779.43,781.17 2 0
github.com/xiaofengguo/web-doc/api/internal/handler/ai_reorder.go:781.17,783.3 1 0
github.com/xiaofengguo/web-doc/api/internal/handler/ai_reorder.go:784.2,784.30 1 0
github.com/xiaofengguo/web-doc/api/internal/handler/auth_handler.go:33.48,34.23 1 0
github.com/xiaofengguo/web-doc/api/internal/handler/auth_handler.go:34.23,37.3 2 0
github.com/xiaofengguo/web-doc/api/internal/handler/auth_handler.go:38.2,39.47 2 0
github.com/xiaofengguo/web-doc/api/internal/handler/auth_handler.go:39.47,42.3 2 0
github.com/xiaofengguo/web-doc/api/internal/handler/auth_handler.go:43.2,46.43 4 0
github.com/xiaofengguo/web-doc/api/internal/handler/auth_handler.go:46.43,49.3 2 0
github.com/xiaofengguo/web-doc/api/internal/handler/auth_handler.go:50.2,50.27 1 0
github.com/xiaofengguo/web-doc/api/internal/handler/auth_handler.go:50.27,53.3 2 0
github.com/xiaofengguo/web-doc/api/internal/handler/auth_handler.go:54.2,54.56 1 0
github.com/xiaofengguo/web-doc/api/internal/handler/auth_handler.go:54.56,57.3 2 0
github.com/xiaofengguo/web-doc/api/internal/handler/auth_handler.go:60.2,61.85 2 0
github.com/xiaofengguo/web-doc/api/internal/handler/auth_handler.go:61.85,64.3 2 0
github.com/xiaofengguo/web-doc/api/internal/handler/auth_handler.go:64.8,64.52 1 0
github.com/xiaofengguo/web-doc/api/internal/handler/auth_handler.go:64.52,67.3 2 0
github.com/xiaofengguo/web-doc/api/internal/handler/auth_handler.go:68.2,68.21 1 0
github.com/xiaofengguo/web-doc/api/internal/handler/auth_handler.go:68.21,69.80 1 0
github.com/xiaofengguo/web-doc/api/internal/handler/auth_handler.go:69.80,72.4 2 0
github.com/xiaofengguo/web-doc/api/internal/handler/auth_handler.go:72.9,72.53 1 0
github.com/xiaofengguo/web-doc/api/internal/handler/auth_handler.go:72.53,75.4 2 0
github.com/xiaofengguo/web-doc/api/internal/handler/auth_handler.go:78.2,79.16 2 0
github.com/xiaofengguo/web-doc/api/internal/handler/auth_handler.go:79.16,82.3 2 0
github.com/xiaofengguo/web-doc/api/internal/handler/auth_handler.go:85.2,88.16 4 0
github.com/xiaofengguo/web-doc/api/internal/handler/auth_handler.go:88.16,90.3 1 0
github.com/xiaofengguo/web-doc/api/internal/handler/auth_handler.go:92.2,100.46 2 0
github.com/xiaofengguo/web-doc/api/internal/handler/auth_handler.go:100.46,103.3 2 0
github.com/xiaofengguo/web-doc/api/internal/handler/auth_handler.go:105.2,106.16 2 0
github.com/xiaofengguo/web-doc/api/internal/handler/auth_handler.go:106.16,109.3 2 0
github.com/xiaofengguo/web-doc/api/internal/handler/auth_handler.go:110.2,110.68 1 0
github.com/xiaofengguo/web-doc/api/internal/handler/auth_handler.go:120.45,122.47 2 0
github.com/xiaofengguo/web-doc/api/internal/handler/auth_handler.go:122.47,125.3 2 0
github.com/xiaofengguo/web-doc/api/internal/handler/auth_handler.go:126.2,127.36 2 0
github.com/xiaofengguo/web-doc/api/internal/handler/auth_handler.go:127.36,130.3 2 0
github.com/xiaofengguo/web-doc/api/internal/handler/auth_handler.go:132.2,134.31 3 0
github.com/xiaofengguo/web-doc/api/internal/handler/auth_handler.go:134.31,136.3 1 0
github.com/xiaofengguo/web-doc/api/internal/handler/auth_handler.go:137.2,137.42 1 0
github.com/xiaofengguo/web-doc/api/internal/handler/auth_handler.go:137.42,140.3 2 0
github.com/xiaofengguo/web-doc/api/internal/handler/auth_handler.go:141.2,141.55 1 0
github.com/xiaofengguo/web-doc/api/internal/handler/auth_handler.go:141.55,144.3 2 0
github.com/xiaofengguo/web-doc/api/internal/handler/auth_handler.go:145.2,146.16 2 0
github.com/xiaofengguo/web-doc/api/internal/handler/auth_handler.go:146.16,149.3 2 0
github.com/xiaofengguo/web-doc/api/internal/handler/auth_handler.go:150.2,150.68 1 0
github.com/xiaofengguo/web-doc/api/internal/handler/auth_handler.go:155.42,157.15 2 0
github.com/xiaofengguo/web-doc/api/internal/handler/auth_handler.go:157.15,160.3 2 0
github.com/xiaofengguo/web-doc/api/internal/handler/auth_handler.go:161.2,162.60 2 0
github.com/xiaofengguo/web-doc/api/internal/handler/auth_handler.go:162.60,165.3 2 0
github.com/xiaofengguo/web-doc/api/internal/handler/auth_handler.go:166.2,166.54 1 0
github.com/xiaofengguo/web-doc/api/internal/handler/auth_handler.go:171.50,175.2 1 0
github.com/xiaofengguo/web-doc/api/internal/handler/auth_handler.go:180.48,182.15 2 0
github.com/xiaofengguo/web-doc/api/internal/handler/auth_handler.go:182.15,185.3 2 0
github.com/xiaofengguo/web-doc/api/internal/handler/auth_handler.go:186.2,186.10 1 0
github.com/xiaofengguo/web-doc/api/internal/handler/auth_handler.go:190.48,193.2 2 0
github.com/xiaofengguo/web-doc/api/internal/handler/auth_handler.go:195.54,197.18 2 0
github.com/xiaofengguo/web-doc/api/internal/handler/auth_handler.go:197.18,199.3 1 0
github.com/xiaofengguo/web-doc/api/internal/handler/auth_handler.go:200.2,201.30 2 0
github.com/xiaofengguo/web-doc/api/internal/handler/auth_handler.go:201.30,203.3 1 0
github.com/xiaofengguo/web-doc/api/internal/handler/auth_handler.go:204.2,204.14 1 0
github.com/xiaofengguo/web-doc/api/internal/handler/auth_handler.go:204.14,206.3 1 0
github.com/xiaofengguo/web-doc/api/internal/handler/auth_handler.go:207.2,208.16 2 0
github.com/xiaofengguo/web-doc/api/internal/handler/auth_handler.go:208.16,210.3 1 0
github.com/xiaofengguo/web-doc/api/internal/handler/auth_handler.go:211.2,214.15 4 0
github.com/xiaofengguo/web-doc/api/internal/handler/auth_handler.go:219.64,225.2 1 0
github.com/xiaofengguo/web-doc/api/internal/handler/auth_handler.go:235.47,240.2 1 0
github.com/xiaofengguo/web-doc/api/internal/handler/handler.go:38.71,45.44 1 1
github.com/xiaofengguo/web-doc/api/internal/handler/handler.go:45.44,45.59 1 0
github.com/xiaofengguo/web-doc/api/internal/handler/handler.go:59.46,61.47 2 0
github.com/xiaofengguo/web-doc/api/internal/handler/handler.go:61.47,64.3 2 0
github.com/xiaofengguo/web-doc/api/internal/handler/handler.go:65.2,65.47 1 0
github.com/xiaofengguo/web-doc/api/internal/handler/handler.go:65.47,68.3 2 0
github.com/xiaofengguo/web-doc/api/internal/handler/handler.go:69.2,69.40 1 0
github.com/xiaofengguo/web-doc/api/internal/handler/handler.go:69.40,71.3 1 0
github.com/xiaofengguo/web-doc/api/internal/handler/handler.go:72.2,80.23 2 0
github.com/xiaofengguo/web-doc/api/internal/handler/handler.go:80.23,81.61 1 0
github.com/xiaofengguo/web-doc/api/internal/handler/handler.go:81.61,84.4 2 0
github.com/xiaofengguo/web-doc/api/internal/handler/handler.go:85.3,86.40 2 0
github.com/xiaofengguo/web-doc/api/internal/handler/handler.go:88.2,88.46 1 0
github.com/xiaofengguo/web-doc/api/internal/handler/handler.go:88.46,91.3 2 0
github.com/xiaofengguo/web-doc/api/internal/handler/handler.go:92.2,92.26 1 0
github.com/xiaofengguo/web-doc/api/internal/handler/handler.go:95.45,97.99 2 0
github.com/xiaofengguo/web-doc/api/internal/handler/handler.go:97.99,101.3 3 0
github.com/xiaofengguo/web-doc/api/internal/handler/handler.go:102.2,103.26 2 0
github.com/xiaofengguo/web-doc/api/internal/handler/handler.go:103.26,104.22 1 0
github.com/xiaofengguo/web-doc/api/internal/handler/handler.go:104.22,106.4 1 0
github.com/xiaofengguo/web-doc/api/internal/handler/handler.go:108.2,109.46 2 0
github.com/xiaofengguo/web-doc/api/internal/handler/handler.go:112.43,115.59 3 0
github.com/xiaofengguo/web-doc/api/internal/handler/handler.go:115.59,119.3 3 0
github.com/xiaofengguo/web-doc/api/internal/handler/handler.go:120.2,120.21 1 0
github.com/xiaofengguo/web-doc/api/internal/handler/handler.go:120.21,125.3 4 0
github.com/xiaofengguo/web-doc/api/internal/handler/handler.go:126.2,127.41 2 0
github.com/xiaofengguo/web-doc/api/internal/handler/handler.go:137.46,140.59 3 0
github.com/xiaofengguo/web-doc/api/internal/handler/handler.go:140.59,143.3 2 0
github.com/xiaofengguo/web-doc/api/internal/handler/handler.go:144.2,145.47 2 0
github.com/xiaofengguo/web-doc/api/internal/handler/handler.go:145.47,148.3 2 0
github.com/xiaofengguo/web-doc/api/internal/handler/handler.go:149.2,149.22 1 0
github.com/xiaofengguo/web-doc/api/internal/handler/handler.go:149.22,151.3 1 0
github.com/xiaofengguo/web-doc/api/internal/handler/handler.go:152.2,152.25 1 0
github.com/xiaofengguo/web-doc/api/internal/handler/handler.go:152.25,154.26 1 0
github.com/xiaofengguo/web-doc/api/internal/handler/handler.go:154.26,156.4 1 0
github.com/xiaofengguo/web-doc/api/internal/handler/handler.go:156.9,159.4 2 0
github.com/xiaofengguo/web-doc/api/internal/handler/handler.go:161.2,161.27 1 0
github.com/xiaofengguo/web-doc/api/internal/handler/handler.go:161.27,163.3 1 0
github.com/xiaofengguo/web-doc/api/internal/handler/handler.go:164.2,164.26 1 0
github.com/xiaofengguo/web-doc/api/internal/handler/handler.go:164.26,166.3 1 0
github.com/xiaofengguo/web-doc/api/internal/handler/handler.go:167.2,167.44 1 0
github.com/xiaofengguo/web-doc/api/internal/handler/handler.go:167.44,170.3 2 0
github.com/xiaofengguo/web-doc/api/internal/handler/handler.go:171.2,171.26 1 0
github.com/xiaofengguo/web-doc/api/internal/handler/handler.go:174.46,177.59 3 0
github.com/xiaofengguo/web-doc/api/internal/handler/handler.go:177.59,180.3 2 0
github.com/xiaofengguo/web-doc/api/internal/handler/handler.go:182.2,182.24 1 0
github.com/xiaofengguo/web-doc/api/internal/handler/handler.go:182.24,183.47 1 0
github.com/xiaofengguo/web-doc/api/internal/handler/handler.go:183.47,186.4 2 0
github.com/xiaofengguo/web-doc/api/internal/handler/handler.go:187.8,190.3 2 0
github.com/xiaofengguo/web-doc/api/internal/handler/handler.go:191.2,191.46 1 0
github.com/xiaofengguo/web-doc/api/internal/handler/handler.go:191.46,194.3 2 0
github.com/xiaofengguo/web-doc/api/internal/handler/handler.go:195.2,195.42 1 0
github.com/xiaofengguo/web-doc/api/internal/handler/handler.go:198.58,200.84 2 0
github.com/xiaofengguo/web-doc/api/internal/handler/handler.go:200.84,202.3 1 0
github.com/xiaofengguo/web-doc/api/internal/handler/handler.go:203.2,203.30 1 0
github.com/xiaofengguo/web-doc/api/internal/handler/handler.go:203.30,204.26 1 0
github.com/xiaofengguo/web-doc/api/internal/handler/handler.go:204.26,205.51 1 0
github.com/xiaofengguo/web-doc/api/internal/handler/handler.go:205.51,207.5 1 0
github.com/xiaofengguo/web-doc/api/internal/handler/handler.go:208.9,211.4 2 0
github.com/xiaofengguo/web-doc/api/internal/handler/handler.go:212.3,212.48 1 0
github.com/xiaofengguo/web-doc/api/internal/handler/handler.go:212.48,214.4 1 0
github.com/xiaofengguo/web-doc/api/internal/handler/handler.go:216.2,216.12 1 0
github.com/xiaofengguo/web-doc/api/internal/handler/handler.go:227.46,230.76 3 0
github.com/xiaofengguo/web-doc/api/internal/handler/handler.go:230.76,233.3 2 0
github.com/xiaofengguo/web-doc/api/internal/handler/handler.go:234.2,235.47 2 0
github.com/xiaofengguo/web-doc/api/internal/handler/handler.go:235.47,238.3 2 0
github.com/xiaofengguo/web-doc/api/internal/handler/handler.go:239.2,240.16 2 0
github.com/xiaofengguo/web-doc/api/internal/handler/handler.go:240.16,242.3 1 0
github.com/xiaofengguo/web-doc/api/internal/handler/handler.go:243.2,243.72 1 0
github.com/xiaofengguo/web-doc/api/internal/handler/handler.go:243.72,246.3 2 0
github.com/xiaofengguo/web-doc/api/internal/handler/handler.go:247.2,249.63 3 0
github.com/xiaofengguo/web-doc/api/internal/handler/handler.go:253.45,256.76 3 0
github.com/xiaofengguo/web-doc/api/internal/handler/handler.go:256.76,259.3 2 0
github.com/xiaofengguo/web-doc/api/internal/handler/handler.go:260.2,261.16 2 0
github.com/xiaofengguo/web-doc/api/internal/handler/handler.go:261.16,264.3 2 0
github.com/xiaofengguo/web-doc/api/internal/handler/handler.go:265.2,266.16 2 0
github.com/xiaofengguo/web-doc/api/internal/handler/handler.go:266.16,269.3 2 0
github.com/xiaofengguo/web-doc/api/internal/handler/handler.go:270.2,272.16 3 0
github.com/xiaofengguo/web-doc/api/internal/handler/handler.go:272.16,275.3 2 0
github.com/xiaofengguo/web-doc/api/internal/handler/handler.go:276.2,277.16 2 0
github.com/xiaofengguo/web-doc/api/internal/handler/handler.go:277.16,280.3 2 0
github.com/xiaofengguo/web-doc/api/internal/handler/handler.go:281.2,285.15 4 0
github.com/xiaofengguo/web-doc/api/internal/handler/handler.go:285.15,287.45 1 0
github.com/xiaofengguo/web-doc/api/internal/handler/handler.go:287.45,289.4 1 0
github.com/xiaofengguo/web-doc/api/internal/handler/handler.go:290.8,293.3 1 0
github.com/xiaofengguo/web-doc/api/internal/handler/handler.go:294.2,301.4 2 0
github.com/xiaofengguo/web-doc/api/internal/handler/handler.go:305.50,309.16 4 0
github.com/xiaofengguo/web-doc/api/internal/handler/handler.go:309.16,312.3 2 0
github.com/xiaofengguo/web-doc/api/internal/handler/handler.go:313.2,314.16 2 0
github.com/xiaofengguo/web-doc/api/internal/handler/handler.go:314.16,317.3 2 0
github.com/xiaofengguo/web-doc/api/internal/handler/handler.go:318.2,318.68 1 0
github.com/xiaofengguo/web-doc/api/internal/handler/handler.go:328.49,332.15 3 0
[...]
github.com/xiaofengguo/web-doc/api/internal/handler/handler.go:565.28,567.3 1 0
github.com/xiaofengguo/web-doc/api/internal/handler/handler.go:568.2,569.16 2 0
github.com/xiaofengguo/web-doc/api/internal/handler/handler.go:569.16,571.3 1 0
github.com/xiaofengguo/web-doc/api/internal/handler/handler.go:572.2,572.15 1 0
github.com/xiaofengguo/web-doc/api/internal/handler/handler.go:575.44,575.74 1 0
github.com/xiaofengguo/web-doc/api/internal/handler/mcp.go:30.33,31.17 1 0
github.com/xiaofengguo/web-doc/api/internal/handler/mcp.go:31.17,33.3 1 0
github.com/xiaofengguo/web-doc/api/internal/handler/mcp.go:34.2,34.58 1 0
github.com/xiaofengguo/web-doc/api/internal/handler/mcp.go:38.49,40.72 2 0
github.com/xiaofengguo/web-doc/api/internal/handler/mcp.go:40.72,43.3 2 0
github.com/xiaofengguo/web-doc/api/internal/handler/mcp.go:44.2,45.25 2 0
github.com/xiaofengguo/web-doc/api/internal/handler/mcp.go:45.25,50.3 1 0
github.com/xiaofengguo/web-doc/api/internal/handler/mcp.go:51.2,51.44 1 0
github.com/xiaofengguo/web-doc/api/internal/handler/mcp.go:55.50,60.39 3 0
github.com/xiaofengguo/web-doc/api/internal/handler/mcp.go:60.39,62.3 1 0
github.com/xiaofengguo/web-doc/api/internal/handler/mcp.go:63.2,70.48 3 0
github.com/xiaofengguo/web-doc/api/internal/handler/mcp.go:70.48,73.3 2 0
github.com/xiaofengguo/web-doc/api/internal/handler/mcp.go:74.2,77.4 1 0
github.com/xiaofengguo/web-doc/api/internal/handler/mcp.go:81.50,83.81 2 0
github.com/xiaofengguo/web-doc/api/internal/handler/mcp.go:83.81,86.3 2 0
github.com/xiaofengguo/web-doc/api/internal/handler/mcp.go:87.2,87.42 1 0
github.com/xiaofengguo/web-doc/api/internal/handler/mcp.go:91.49,93.41 2 0
github.com/xiaofengguo/web-doc/api/internal/handler/mcp.go:93.41,95.3 1 0
github.com/xiaofengguo/web-doc/api/internal/handler/mcp.go:96.2,97.14 2 0
github.com/xiaofengguo/web-doc/api/internal/handler/mcp.go:97.14,99.3 1 0
github.com/xiaofengguo/web-doc/api/internal/handler/mcp.go:100.2,101.70 2 0
github.com/xiaofengguo/web-doc/api/internal/handler/mcp.go:101.70,103.3 1 0
github.com/xiaofengguo/web-doc/api/internal/handler/mcp.go:104.2,106.12 3 0
github.com/xiaofengguo/web-doc/api/internal/handler/mcp.go:140.56,142.2 1 0
github.com/xiaofengguo/web-doc/api/internal/handler/mcp.go:143.68,145.2 1 0
github.com/xiaofengguo/web-doc/api/internal/handler/mcp.go:148.46,149.37 1 0
github.com/xiaofengguo/web-doc/api/internal/handler/mcp.go:149.37,153.3 3 0
github.com/xiaofengguo/web-doc/api/internal/handler/mcp.go:155.2,156.16 2 0
github.com/xiaofengguo/web-doc/api/internal/handler/mcp.go:156.16,159.3 2 0
github.com/xiaofengguo/web-doc/api/internal/handler/mcp.go:160.2,160.20 1 0
github.com/xiaofengguo/web-doc/api/internal/handler/mcp.go:160.20,163.3 2 0
github.com/xiaofengguo/web-doc/api/internal/handler/mcp.go:166.2,167.43 2 0
github.com/xiaofengguo/web-doc/api/internal/handler/mcp.go:167.43,169.54 2 0
github.com/xiaofengguo/web-doc/api/internal/handler/mcp.go:169.54,172.4 2 0
github.com/xiaofengguo/web-doc/api/internal/handler/mcp.go:173.3,174.27 2 0
github.com/xiaofengguo/web-doc/api/internal/handler/mcp.go:174.27,175.40 1 0
github.com/xiaofengguo/web-doc/api/internal/handler/mcp.go:175.40,177.5 1 0
github.com/xiaofengguo/web-doc/api/internal/handler/mcp.go:179.3,180.9 2 0
github.com/xiaofengguo/web-doc/api/internal/handler/mcp.go:183.2,184.51 2 0
github.com/xiaofengguo/web-doc/api/internal/handler/mcp.go:184.51,187.3 2 0
github.com/xiaofengguo/web-doc/api/internal/handler/mcp.go:188.2,189.9 2 0
github.com/xiaofengguo/web-doc/api/internal/handler/mcp.go:189.9,193.3 2 0
github.com/xiaofengguo/web-doc/api/internal/handler/mcp.go:194.2,194.29 1 0
github.com/xiaofengguo/web-doc/api/internal/handler/mcp.go:199.67,202.20 2 0
github.com/xiaofengguo/web-doc/api/internal/handler/mcp.go:203.20,214.11 1 0
github.com/xiaofengguo/web-doc/api/internal/handler/mcp.go:216.50,217.30 1 0
github.com/xiaofengguo/web-doc/api/internal/handler/mcp.go:219.14,220.38 1 0
github.com/xiaofengguo/web-doc/api/internal/handler/mcp.go:222.20,223.61 1 0
github.com/xiaofengguo/web-doc/api/internal/handler/mcp.go:225.20,226.35 1 0
github.com/xiaofengguo/web-doc/api/internal/handler/mcp.go:229.24,230.58 1 0
github.com/xiaofengguo/web-doc/api/internal/handler/mcp.go:231.22,232.56 1 0
github.com/xiaofengguo/web-doc/api/internal/handler/mcp.go:234.10,235.13 1 0
github.com/xiaofengguo/web-doc/api/internal/handler/mcp.go:235.13,237.4 1 0
github.com/xiaofengguo/web-doc/api/internal/handler/mcp.go:238.3,238.72 1 0
github.com/xiaofengguo/web-doc/api/internal/handler/mcp.go:246.29,330.2 1 0
github.com/xiaofengguo/web-doc/api/internal/handler/mcp.go:336.60,341.55 2 0
github.com/xiaofengguo/web-doc/api/internal/handler/mcp.go:341.55,343.3 1 0
github.com/xiaofengguo/web-doc/api/internal/handler/mcp.go:345.2,351.4 2 0
github.com/xiaofengguo/web-doc/api/internal/handler/mcp.go:354.79,355.14 1 0
github.com/xiaofengguo/web-doc/api/internal/handler/mcp.go:356.24,357.31 1 0
github.com/xiaofengguo/web-doc/api/internal/handler/mcp.go:358.22,359.32 1 0
github.com/xiaofengguo/web-doc/api/internal/handler/mcp.go:360.28,361.37 1 0
github.com/xiaofengguo/web-doc/api/internal/handler/mcp.go:362.25,363.35 1 0
github.com/xiaofengguo/web-doc/api/internal/handler/mcp.go:364.21,365.31 1 0
github.com/xiaofengguo/web-doc/api/internal/handler/mcp.go:366.27,367.33 1 0
github.com/xiaofengguo/web-doc/api/internal/handler/mcp.go:368.25,369.35 1 0
github.com/xiaofengguo/web-doc/api/internal/handler/mcp.go:370.10,371.39 1 0
github.com/xiaofengguo/web-doc/api/internal/handler/mcp.go:375.29,377.16 2 0
github.com/xiaofengguo/web-doc/api/internal/handler/mcp.go:377.16,379.3 1 0
github.com/xiaofengguo/web-doc/api/internal/handler/mcp.go:380.2,380.18 1 0
github.com/xiaofengguo/web-doc/api/internal/handler/mcp.go:383.41,383.61 1 0
github.com/xiaofengguo/web-doc/api/internal/handler/mcp.go:385.54,387.99 2 0
github.com/xiaofengguo/web-doc/api/internal/handler/mcp.go:387.99,389.3 1 0
github.com/xiaofengguo/web-doc/api/internal/handler/mcp.go:390.2,390.47 1 0
github.com/xiaofengguo/web-doc/api/internal/handler/mcp.go:393.71,397.48 2 0
github.com/xiaofengguo/web-doc/api/internal/handler/mcp.go:397.48,399.3 1 0
github.com/xiaofengguo/web-doc/api/internal/handler/mcp.go:400.2,400.16 1 0
github.com/xiaofengguo/web-doc/api/internal/handler/mcp.go:400.16,402.3 1 0
github.com/xiaofengguo/web-doc/api/internal/handler/mcp.go:403.2,404.61 2 0
github.com/xiaofengguo/web-doc/api/internal/handler/mcp.go:404.61,406.3 1 0
github.com/xiaofengguo/web-doc/api/internal/handler/mcp.go:407.2,407.21 1 0
github.com/xiaofengguo/web-doc/api/internal/handler/mcp.go:407.21,410.3 2 0
github.com/xiaofengguo/web-doc/api/internal/handler/mcp.go:411.2,411.42 1 0
github.com/xiaofengguo/web-doc/api/internal/handler/mcp.go:414.76,419.48 2 0
github.com/xiaofengguo/web-doc/api/internal/handler/mcp.go:419.48,421.3 1 0
github.com/xiaofengguo/web-doc/api/internal/handler/mcp.go:422.2,422.16 1 0
github.com/xiaofengguo/web-doc/api/internal/handler/mcp.go:422.16,424.3 1 0
github.com/xiaofengguo/web-doc/api/internal/handler/mcp.go:425.2,425.18 1 0
github.com/xiaofengguo/web-doc/api/internal/handler/mcp.go:425.18,427.3 1 0
github.com/xiaofengguo/web-doc/api/internal/handler/mcp.go:428.2,429.78 2 0
github.com/xiaofengguo/web-doc/api/internal/handler/mcp.go:429.78,431.3 1 0
github.com/xiaofengguo/web-doc/api/internal/handler/mcp.go:432.2,433.16 2 0
github.com/xiaofengguo/web-doc/api/internal/handler/mcp.go:433.16,435.3 1 0
github.com/xiaofengguo/web-doc/api/internal/handler/mcp.go:436.2,437.16 2 0
github.com/xiaofengguo/web-doc/api/internal/handler/mcp.go:437.16,439.3 1 0
github.com/xiaofengguo/web-doc/api/internal/handler/mcp.go:440.2,440.72 1 0
github.com/xiaofengguo/web-doc/api/internal/handler/mcp.go:443.74,450.48 2 0
github.com/xiaofengguo/web-doc/api/internal/handler/mcp.go:450.48,452.3 1 0
github.com/xiaofengguo/web-doc/api/internal/handler/mcp.go:453.2,453.38 1 0
github.com/xiaofengguo/web-doc/api/internal/handler/mcp.go:453.38,455.3 1 0
github.com/xiaofengguo/web-doc/api/internal/handler/mcp.go:456.2,456.18 1 0
github.com/xiaofengguo/web-doc/api/internal/handler/mcp.go:456.18,458.3 1 0
github.com/xiaofengguo/web-doc/api/internal/handler/mcp.go:459.2,459.43 1 0
github.com/xiaofengguo/web-doc/api/internal/handler/mcp.go:459.43,461.3 1 0
github.com/xiaofengguo/web-doc/api/internal/handler/mcp.go:462.2,470.21 2 0
github.com/xiaofengguo/web-doc/api/internal/handler/mcp.go:470.21,471.59 1 0
github.com/xiaofengguo/web-doc/api/internal/handler/mcp.go:471.59,473.4 1 0
github.com/xiaofengguo/web-doc/api/internal/handler/mcp.go:474.3,475.40 2 0
github.com/xiaofengguo/web-doc/api/internal/handler/mcp.go:477.2,477.46 1 0
github.com/xiaofengguo/web-doc/api/internal/handler/mcp.go:477.46,479.3 1 0
github.com/xiaofengguo/web-doc/api/internal/handler/mcp.go:480.2,480.27 1 0
github.com/xiaofengguo/web-doc/api/internal/handler/mcp.go:483.70,489.48 2 0
github.com/xiaofengguo/web-doc/api/internal/handler/mcp.go:489.48,491.3 1 0
github.com/xiaofengguo/web-doc/api/internal/handler/mcp.go:492.2,492.16 1 0
github.com/xiaofengguo/web-doc/api/internal/handler/mcp.go:492.16,494.3 1 0
github.com/xiaofengguo/web-doc/api/internal/handler/mcp.go:495.2,495.18 1 0
github.com/xiaofengguo/web-doc/api/internal/handler/mcp.go:495.18,497.3 1 0
github.com/xiaofengguo/web-doc/api/internal/handler/mcp.go:498.2,499.78 2 0
github.com/xiaofengguo/web-doc/api/internal/handler/mcp.go:499.78,501.3 1 0
github.com/xiaofengguo/web-doc/api/internal/handler/mcp.go:502.2,502.74 1 0
github.com/xiaofengguo/web-doc/api/internal/handler/mcp.go:502.74,504.3 1 0
github.com/xiaofengguo/web-doc/api/internal/handler/mcp.go:505.2,507.80 3 0
github.com/xiaofengguo/web-doc/api/internal/handler/mcp.go:510.72,515.48 2 0
github.com/xiaofengguo/web-doc/api/internal/handler/mcp.go:515.48,517.3 1 0
github.com/xiaofengguo/web-doc/api/internal/handler/mcp.go:518.2,518.34 1 0
github.com/xiaofengguo/web-doc/api/internal/handler/mcp.go:518.34,520.3 1 0
github.com/xiaofengguo/web-doc/api/internal/handler/mcp.go:521.2,522.78 2 0
github.com/xiaofengguo/web-doc/api/internal/handler/mcp.go:522.78,524.3 1 0
github.com/xiaofengguo/web-doc/api/internal/handler/mcp.go:526.2,527.48 2 0
github.com/xiaofengguo/web-doc/api/internal/handler/mcp.go:527.48,529.3 1 0
github.com/xiaofengguo/web-doc/api/internal/handler/mcp.go:530.2,531.16 2 0
github.com/xiaofengguo/web-doc/api/internal/handler/mcp.go:531.16,533.3 1 0
github.com/xiaofengguo/web-doc/api/internal/handler/mcp.go:534.2,535.16 2 0
github.com/xiaofengguo/web-doc/api/internal/handler/mcp.go:535.16,537.3 1 0
github.com/xiaofengguo/web-doc/api/internal/handler/mcp.go:538.2,539.14 2 0
github.com/xiaofengguo/web-doc/api/internal/handler/mcp.go:539.14,541.3 1 0
github.com/xiaofengguo/web-doc/api/internal/handler/mcp.go:542.2,549.11 3 0
github.com/xiaofengguo/web-doc/api/internal/handler/mcp.go:552.74,556.48 2 0
github.com/xiaofengguo/web-doc/api/internal/handler/mcp.go:556.48,558.3 1 0
github.com/xiaofengguo/web-doc/api/internal/handler/mcp.go:559.2,559.16 1 0
github.com/xiaofengguo/web-doc/api/internal/handler/mcp.go:559.16,561.3 1 0
github.com/xiaofengguo/web-doc/api/internal/handler/mcp.go:562.2,563.61 2 0
github.com/xiaofengguo/web-doc/api/internal/handler/mcp.go:563.61,565.3 1 0
github.com/xiaofengguo/web-doc/api/internal/handler/mcp.go:566.2,566.24 1 0
github.com/xiaofengguo/web-doc/api/internal/handler/mcp.go:566.24,567.49 1 0
github.com/xiaofengguo/web-doc/api/internal/handler/mcp.go:567.49,569.4 1 0
github.com/xiaofengguo/web-doc/api/internal/handler/mcp.go:570.8,573.3 2 0
github.com/xiaofengguo/web-doc/api/internal/handler/mcp.go:574.2,574.46 1 0
github.com/xiaofengguo/web-doc/api/internal/handler/mcp.go:574.46,576.3 1 0
github.com/xiaofengguo/web-doc/api/internal/handler/mcp.go:577.2,577.43 1 0
github.com/xiaofengguo/web-doc/api/internal/handler/util.go:5.45,5.70 1 0
github.com/xiaofengguo/web-doc/api/internal/model/seed.go:11.38,81.29 2 1
github.com/xiaofengguo/web-doc/api/internal/model/seed.go:81.29,83.64 2 1
github.com/xiaofengguo/web-doc/api/internal/model/seed.go:83.64,84.12 1 0
github.com/xiaofengguo/web-doc/api/internal/model/seed.go:86.3,88.26 3 1
github.com/xiaofengguo/web-doc/api/internal/model/seed.go:93.27,93.54 1 0
github.com/xiaofengguo/web-doc/api/internal/storage/storage.go:27.41,28.49 1 1
github.com/xiaofengguo/web-doc/api/internal/storage/storage.go:28.49,30.3 1 0
github.com/xiaofengguo/web-doc/api/internal/storage/storage.go:31.2,31.34 1 1
github.com/xiaofengguo/web-doc/api/internal/storage/storage.go:35.48,37.2 1 0
github.com/xiaofengguo/web-doc/api/internal/storage/storage.go:40.66,42.29 2 0
github.com/xiaofengguo/web-doc/api/internal/storage/storage.go:42.29,44.3 1 0
github.com/xiaofengguo/web-doc/api/internal/storage/storage.go:45.2,49.48 5 0
github.com/xiaofengguo/web-doc/api/internal/storage/storage.go:49.48,51.3 1 0
github.com/xiaofengguo/web-doc/api/internal/storage/storage.go:52.2,52.18 1 0
github.com/xiaofengguo/web-doc/api/internal/storage/storage.go:56.55,58.48 2 0
github.com/xiaofengguo/web-doc/api/internal/storage/storage.go:58.48,60.3 1 0
github.com/xiaofengguo/web-doc/api/internal/storage/storage.go:61.2,61.16 1 0
github.com/xiaofengguo/web-doc/api/internal/storage/storage.go:61.16,63.3 1 0
github.com/xiaofengguo/web-doc/api/internal/storage/storage.go:64.2,64.76 1 0
github.com/xiaofengguo/web-doc/api/internal/storage/storage.go:68.67,69.20 1 0
github.com/xiaofengguo/web-doc/api/internal/storage/storage.go:69.20,71.3 1 0
github.com/xiaofengguo/web-doc/api/internal/storage/storage.go:72.2,73.16 2 0
github.com/xiaofengguo/web-doc/api/internal/storage/storage.go:73.16,75.3 1 0
github.com/xiaofengguo/web-doc/api/internal/storage/storage.go:76.2,76.63 1 0
github.com/xiaofengguo/web-doc/api/internal/storage/storage.go:76.63,78.3 1 0
github.com/xiaofengguo/web-doc/api/internal/storage/storage.go:79.2,79.40 1 0
github.com/xiaofengguo/web-doc/api/internal/storage/storage.go:84.85,86.16 2 0
github.com/xiaofengguo/web-doc/api/internal/storage/storage.go:86.16,88.3 1 0
github.com/xiaofengguo/web-doc/api/internal/storage/storage.go:89.2,91.42 2 0
github.com/xiaofengguo/web-doc/api/internal/storage/storage.go:91.42,93.3 1 0
github.com/xiaofengguo/web-doc/api/internal/storage/storage.go:94.2,94.48 1 0
github.com/xiaofengguo/web-doc/api/internal/storage/storage.go:94.48,96.3 1 0
github.com/xiaofengguo/web-doc/api/internal/storage/storage.go:97.2,98.28 2 0
github.com/xiaofengguo/web-doc/api/internal/storage/storage.go:98.28,100.87 1 0
github.com/xiaofengguo/web-doc/api/internal/storage/storage.go:100.87,101.12 1 0
github.com/xiaofengguo/web-doc/api/internal/storage/storage.go:103.3,103.27 1 0
github.com/xiaofengguo/web-doc/api/internal/storage/storage.go:103.27,104.12 1 0
github.com/xiaofengguo/web-doc/api/internal/storage/storage.go:106.3,106.24 1 0
github.com/xiaofengguo/web-doc/api/internal/storage/storage.go:106.24,107.12 1 0
github.com/xiaofengguo/web-doc/api/internal/storage/storage.go:109.3,110.17 2 0
github.com/xiaofengguo/web-doc/api/internal/storage/storage.go:110.17,111.12 1 0
github.com/xiaofengguo/web-doc/api/internal/storage/storage.go:113.3,113.64 1 0
github.com/xiaofengguo/web-doc/api/internal/storage/storage.go:113.64,115.4 1 0
github.com/xiaofengguo/web-doc/api/internal/storage/storage.go:116.3,117.17 2 0
github.com/xiaofengguo/web-doc/api/internal/storage/storage.go:117.17,119.4 1 0
github.com/xiaofengguo/web-doc/api/internal/storage/storage.go:120.3,121.17 2 0
github.com/xiaofengguo/web-doc/api/internal/storage/storage.go:121.17,124.4 2 0
github.com/xiaofengguo/web-doc/api/internal/storage/storage.go:125.3,125.45 1 0
github.com/xiaofengguo/web-doc/api/internal/storage/storage.go:125.45,129.4 3 0
github.com/xiaofengguo/web-doc/api/internal/storage/storage.go:130.3,134.59 4 0
github.com/xiaofengguo/web-doc/api/internal/storage/storage.go:134.59,136.4 1 0
github.com/xiaofengguo/web-doc/api/internal/storage/storage.go:138.2,138.22 1 0
github.com/xiaofengguo/web-doc/api/internal/storage/storage.go:142.54,144.16 2 0
github.com/xiaofengguo/web-doc/api/internal/storage/storage.go:144.16,146.3 1 0
github.com/xiaofengguo/web-doc/api/internal/storage/storage.go:147.2,148.36 2 0
github.com/xiaofengguo/web-doc/api/internal/storage/storage.go:152.49,154.2 1 0
github.com/xiaofengguo/web-doc/api/internal/storage/storage.go:157.47,159.88 2 0
github.com/xiaofengguo/web-doc/api/internal/storage/storage.go:159.88,160.49 1 0
github.com/xiaofengguo/web-doc/api/internal/storage/storage.go:160.49,162.4 1 0
github.com/xiaofengguo/web-doc/api/internal/storage/storage.go:163.3,163.13 1 0
github.com/xiaofengguo/web-doc/api/internal/storage/storage.go:165.2,165.13 1 0
github.com/xiaofengguo/web-doc/api/internal/storage/storage.go:169.61,172.79 3 0
github.com/xiaofengguo/web-doc/api/internal/storage/storage.go:172.79,173.33 1 0
github.com/xiaofengguo/web-doc/api/internal/storage/storage.go:173.33,175.4 1 0
github.com/xiaofengguo/web-doc/api/internal/storage/storage.go:176.3,178.13 3 0
github.com/xiaofengguo/web-doc/api/internal/storage/storage.go:180.2,180.17 1 0
github.com/xiaofengguo/web-doc/api/internal/storage/storage.go:183.33,185.15 2 0
github.com/xiaofengguo/web-doc/api/internal/storage/storage.go:185.15,187.3 1 0
github.com/xiaofengguo/web-doc/api/internal/storage/storage.go:188.2,188.24 1 0
github.com/xiaofengguo/web-doc/api/internal/watcher/util.go:5.50,5.71 1 0
github.com/xiaofengguo/web-doc/api/internal/watcher/watcher.go:23.40,25.16 2 0
github.com/xiaofengguo/web-doc/api/internal/watcher/watcher.go:25.16,27.3 1 0
github.com/xiaofengguo/web-doc/api/internal/watcher/watcher.go:28.2,37.15 4 0
github.com/xiaofengguo/web-doc/api/internal/watcher/watcher.go:41.39,43.2 1 0
github.com/xiaofengguo/web-doc/api/internal/watcher/watcher.go:46.51,50.26 4 0
github.com/xiaofengguo/web-doc/api/internal/watcher/watcher.go:50.26,52.3 1 0
github.com/xiaofengguo/web-doc/api/internal/watcher/watcher.go:53.2,54.11 2 0
github.com/xiaofengguo/web-doc/api/internal/watcher/watcher.go:57.57,60.32 3 0
github.com/xiaofengguo/web-doc/api/internal/watcher/watcher.go:60.32,63.18 3 0
github.com/xiaofengguo/web-doc/api/internal/watcher/watcher.go:63.18,65.4 1 0
github.com/xiaofengguo/web-doc/api/internal/watcher/watcher.go:69.46,72.32 3 0
github.com/xiaofengguo/web-doc/api/internal/watcher/watcher.go:72.32,73.10 1 0
github.com/xiaofengguo/web-doc/api/internal/watcher/watcher.go:74.20,74.20 0 0
github.com/xiaofengguo/web-doc/api/internal/watcher/watcher.go:75.11,75.11 0 0
github.com/xiaofengguo/web-doc/api/internal/watcher/watcher.go:80.21,81.6 1 0
github.com/xiaofengguo/web-doc/api/internal/watcher/watcher.go:81.6,82.10 1 0
github.com/xiaofengguo/web-doc/api/internal/watcher/watcher.go:83.37,84.11 1 0
github.com/xiaofengguo/web-doc/api/internal/watcher/watcher.go:84.11,86.5 1 0
github.com/xiaofengguo/web-doc/api/internal/watcher/watcher.go:87.4,87.21 1 0
github.com/xiaofengguo/web-doc/api/internal/watcher/watcher.go:88.38,89.11 1 0
github.com/xiaofengguo/web-doc/api/internal/watcher/watcher.go:89.11,91.5 1 0
github.com/xiaofengguo/web-doc/api/internal/watcher/watcher.go:92.4,92.42 1 0
github.com/xiaofengguo/web-doc/api/internal/watcher/watcher.go:97.46,100.48 2 0
github.com/xiaofengguo/web-doc/api/internal/watcher/watcher.go:100.48,102.3 1 0
github.com/xiaofengguo/web-doc/api/internal/watcher/watcher.go:103.2,104.58 2 0
github.com/xiaofengguo/web-doc/api/internal/watcher/watcher.go:104.58,106.3 1 0
github.com/xiaofengguo/web-doc/api/internal/watcher/watcher.go:107.2,110.32 2 0
github.com/xiaofengguo/web-doc/api/internal/watcher/watcher.go:110.32,111.69 1 0
github.com/xiaofengguo/web-doc/api/internal/watcher/watcher.go:111.69,113.4 1 0
github.com/xiaofengguo/web-doc/api/internal/watcher/watcher.go:117.2,119.36 3 0
github.com/xiaofengguo/web-doc/api/internal/watcher/watcher.go:119.36,121.3 1 0
github.com/xiaofengguo/web-doc/api/internal/watcher/watcher.go:122.2,122.66 1 0
github.com/xiaofengguo/web-doc/api/internal/watcher/watcher.go:122.66,124.3 1 0
